[ 2016-09-05T00:04:55+08:00 ] 127.0.0.1 /Public/Admin/js/jquery.min.map
INFO: [ app_init ] --START--
INFO: Run Behavior\BuildLiteBehavior [ RunTime:0.000000s ]
INFO: [ app_init ] --END-- [ RunTime:0.001000s ]
INFO: [ app_begin ] --START--
INFO: Run Behavior\ReadHtmlCacheBehavior [ RunTime:0.001000s ]
INFO: [ app_begin ] --END-- [ RunTime:0.001000s ]
SQL: SHOW COLUMNS FROM `yl_config` [ RunTime:0.0090s ]
SQL: SELECT * FROM `yl_config`  [ RunTime:0.0010s ]
SQL: SHOW COLUMNS FROM `yl_account` [ RunTime:0.0100s ]
SQL: SELECT *
                    FROM yl_account a
                    WHERE a.status=1
                    AND a.is_validated=1
                    AND id='1' [ RunTime:0.0010s ]
INFO: [ view_parse ] --START--
NOTIC: [8] Use of undefined constant THEME_PATH - assumed 'THEME_PATH' D:\www\ylshop\ThinkPHP\Library\Think\Template.class.php 第 113 行.
ERR: 模板不存在:THEME_PATHlayout.html

[ 2016-09-05T00:05:19+08:00 ] 127.0.0.1 /Public/Admin/js/jquery.min.map
INFO: [ app_init ] --START--
INFO: Run Behavior\BuildLiteBehavior [ RunTime:0.000000s ]
INFO: [ app_init ] --END-- [ RunTime:0.001000s ]
INFO: [ app_begin ] --START--
INFO: Run Behavior\ReadHtmlCacheBehavior [ RunTime:0.001000s ]
INFO: [ app_begin ] --END-- [ RunTime:0.001000s ]
SQL: SHOW COLUMNS FROM `yl_config` [ RunTime:0.0120s ]
SQL: SELECT * FROM `yl_config`  [ RunTime:0.0010s ]
SQL: SHOW COLUMNS FROM `yl_account` [ RunTime:0.0110s ]
SQL: SELECT *
                    FROM yl_account a
                    WHERE a.status=1
                    AND a.is_validated=1
                    AND id='1' [ RunTime:0.0010s ]
INFO: [ view_parse ] --START--
NOTIC: [8] Use of undefined constant THEME_PATH - assumed 'THEME_PATH' D:\www\ylshop\ThinkPHP\Library\Think\Template.class.php 第 113 行.
ERR: 模板不存在:THEME_PATHlayout.html

[ 2016-09-05T00:32:20+08:00 ] 127.0.0.1 /Public/Admin/js/jquery.min.map
INFO: [ app_init ] --START--
INFO: Run Behavior\BuildLiteBehavior [ RunTime:0.000000s ]
INFO: [ app_init ] --END-- [ RunTime:0.001000s ]
INFO: [ app_begin ] --START--
INFO: Run Behavior\ReadHtmlCacheBehavior [ RunTime:0.001000s ]
INFO: [ app_begin ] --END-- [ RunTime:0.001000s ]
SQL: SHOW COLUMNS FROM `yl_config` [ RunTime:0.0260s ]
SQL: SELECT * FROM `yl_config`  [ RunTime:0.0010s ]
SQL: SHOW COLUMNS FROM `yl_account` [ RunTime:0.0280s ]
SQL: SELECT *
                    FROM yl_account a
                    WHERE a.status=1
                    AND a.is_validated=1
                    AND id='1' [ RunTime:0.0010s ]
INFO: [ view_parse ] --START--
NOTIC: [8] Use of undefined constant THEME_PATH - assumed 'THEME_PATH' D:\www\ylshop\ThinkPHP\Library\Think\Template.class.php 第 113 行.
ERR: 模板不存在:THEME_PATHlayout.html

[ 2016-09-05T00:33:08+08:00 ] 127.0.0.1 /Public/Admin/js/jquery.min.map
INFO: [ app_init ] --START--
INFO: Run Behavior\BuildLiteBehavior [ RunTime:0.000000s ]
INFO: [ app_init ] --END-- [ RunTime:0.001000s ]
INFO: [ app_begin ] --START--
INFO: Run Behavior\ReadHtmlCacheBehavior [ RunTime:0.001001s ]
INFO: [ app_begin ] --END-- [ RunTime:0.001001s ]
SQL: SHOW COLUMNS FROM `yl_config` [ RunTime:0.0260s ]
SQL: SELECT * FROM `yl_config`  [ RunTime:0.0010s ]
SQL: SHOW COLUMNS FROM `yl_account` [ RunTime:0.0260s ]
SQL: SELECT *
                    FROM yl_account a
                    WHERE a.status=1
                    AND a.is_validated=1
                    AND id='1' [ RunTime:0.0010s ]
INFO: [ view_parse ] --START--
NOTIC: [8] Use of undefined constant THEME_PATH - assumed 'THEME_PATH' D:\www\ylshop\ThinkPHP\Library\Think\Template.class.php 第 113 行.
ERR: 模板不存在:THEME_PATHlayout.html

[ 2016-09-05T00:34:31+08:00 ] 127.0.0.1 /Public/Admin/js/jquery.min.map
INFO: [ app_init ] --START--
INFO: Run Behavior\BuildLiteBehavior [ RunTime:0.000000s ]
INFO: [ app_init ] --END-- [ RunTime:0.001000s ]
INFO: [ app_begin ] --START--
INFO: Run Behavior\ReadHtmlCacheBehavior [ RunTime:0.001000s ]
INFO: [ app_begin ] --END-- [ RunTime:0.002000s ]
SQL: SHOW COLUMNS FROM `yl_config` [ RunTime:0.0270s ]
SQL: SELECT * FROM `yl_config`  [ RunTime:0.0010s ]
SQL: SHOW COLUMNS FROM `yl_account` [ RunTime:0.0260s ]
SQL: SELECT *
                    FROM yl_account a
                    WHERE a.status=1
                    AND a.is_validated=1
                    AND id='1' [ RunTime:0.0010s ]
INFO: [ view_parse ] --START--
NOTIC: [8] Use of undefined constant THEME_PATH - assumed 'THEME_PATH' D:\www\ylshop\ThinkPHP\Library\Think\Template.class.php 第 113 行.
ERR: 模板不存在:THEME_PATHlayout.html

[ 2016-09-05T00:37:00+08:00 ] 127.0.0.1 /Public/Admin/js/jquery.min.map
INFO: [ app_init ] --START--
INFO: Run Behavior\BuildLiteBehavior [ RunTime:0.000000s ]
INFO: [ app_init ] --END-- [ RunTime:0.001000s ]
INFO: [ app_begin ] --START--
INFO: Run Behavior\ReadHtmlCacheBehavior [ RunTime:0.001000s ]
INFO: [ app_begin ] --END-- [ RunTime:0.001000s ]
SQL: SHOW COLUMNS FROM `yl_config` [ RunTime:0.0240s ]
SQL: SELECT * FROM `yl_config`  [ RunTime:0.0010s ]
SQL: SHOW COLUMNS FROM `yl_account` [ RunTime:0.0270s ]
SQL: SELECT *
                    FROM yl_account a
                    WHERE a.status=1
                    AND a.is_validated=1
                    AND id='1' [ RunTime:0.0010s ]
INFO: [ view_parse ] --START--
NOTIC: [8] Use of undefined constant THEME_PATH - assumed 'THEME_PATH' D:\www\ylshop\ThinkPHP\Library\Think\Template.class.php 第 113 行.
ERR: 模板不存在:THEME_PATHlayout.html

[ 2016-09-05T00:37:56+08:00 ] 127.0.0.1 /Public/Admin/js/jquery.min.map
INFO: [ app_init ] --START--
INFO: Run Behavior\BuildLiteBehavior [ RunTime:0.000000s ]
INFO: [ app_init ] --END-- [ RunTime:0.000000s ]
INFO: [ app_begin ] --START--
INFO: Run Behavior\ReadHtmlCacheBehavior [ RunTime:0.001000s ]
INFO: [ app_begin ] --END-- [ RunTime:0.001000s ]
SQL: SHOW COLUMNS FROM `yl_config` [ RunTime:0.0260s ]
SQL: SELECT * FROM `yl_config`  [ RunTime:0.0010s ]
SQL: SHOW COLUMNS FROM `yl_account` [ RunTime:0.0260s ]
SQL: SELECT *
                    FROM yl_account a
                    WHERE a.status=1
                    AND a.is_validated=1
                    AND id='1' [ RunTime:0.0010s ]
INFO: [ view_parse ] --START--
NOTIC: [8] Use of undefined constant THEME_PATH - assumed 'THEME_PATH' D:\www\ylshop\ThinkPHP\Library\Think\Template.class.php 第 113 行.
ERR: 模板不存在:THEME_PATHlayout.html

[ 2016-09-05T00:38:30+08:00 ] 127.0.0.1 /Public/Admin/js/jquery.min.map
INFO: [ app_init ] --START--
INFO: Run Behavior\BuildLiteBehavior [ RunTime:0.000000s ]
INFO: [ app_init ] --END-- [ RunTime:0.000000s ]
INFO: [ app_begin ] --START--
INFO: Run Behavior\ReadHtmlCacheBehavior [ RunTime:0.000000s ]
INFO: [ app_begin ] --END-- [ RunTime:0.000000s ]
SQL: SHOW COLUMNS FROM `yl_config` [ RunTime:0.0156s ]
SQL: SELECT * FROM `yl_config`  [ RunTime:0.0000s ]
SQL: SHOW COLUMNS FROM `yl_account` [ RunTime:0.0312s ]
SQL: SELECT *
                    FROM yl_account a
                    WHERE a.status=1
                    AND a.is_validated=1
                    AND id='1' [ RunTime:0.0000s ]
INFO: [ view_parse ] --START--
NOTIC: [8] Use of undefined constant THEME_PATH - assumed 'THEME_PATH' D:\www\ylshop\ThinkPHP\Library\Think\Template.class.php 第 113 行.
ERR: 模板不存在:THEME_PATHlayout.html

[ 2016-09-05T00:40:29+08:00 ] 127.0.0.1 /Public/Admin/js/jquery.min.map
INFO: [ app_init ] --START--
INFO: Run Behavior\BuildLiteBehavior [ RunTime:0.000000s ]
INFO: [ app_init ] --END-- [ RunTime:0.001000s ]
INFO: [ app_begin ] --START--
INFO: Run Behavior\ReadHtmlCacheBehavior [ RunTime:0.001000s ]
INFO: [ app_begin ] --END-- [ RunTime:0.002000s ]
SQL: SHOW COLUMNS FROM `yl_config` [ RunTime:0.0230s ]
SQL: SELECT * FROM `yl_config`  [ RunTime:0.0000s ]
SQL: SHOW COLUMNS FROM `yl_account` [ RunTime:0.0280s ]
SQL: SELECT *
                    FROM yl_account a
                    WHERE a.status=1
                    AND a.is_validated=1
                    AND id='1' [ RunTime:0.0010s ]
INFO: [ view_parse ] --START--
NOTIC: [8] Use of undefined constant THEME_PATH - assumed 'THEME_PATH' D:\www\ylshop\ThinkPHP\Library\Think\Template.class.php 第 113 行.
ERR: 模板不存在:THEME_PATHlayout.html

[ 2016-09-05T00:41:45+08:00 ] 127.0.0.1 /Public/Admin/js/jquery.min.map
INFO: [ app_init ] --START--
INFO: Run Behavior\BuildLiteBehavior [ RunTime:0.000000s ]
INFO: [ app_init ] --END-- [ RunTime:0.000000s ]
INFO: [ app_begin ] --START--
INFO: Run Behavior\ReadHtmlCacheBehavior [ RunTime:0.001000s ]
INFO: [ app_begin ] --END-- [ RunTime:0.001000s ]
SQL: SHOW COLUMNS FROM `yl_config` [ RunTime:0.0270s ]
SQL: SELECT * FROM `yl_config`  [ RunTime:0.0010s ]
SQL: SHOW COLUMNS FROM `yl_account` [ RunTime:0.0280s ]
SQL: SELECT *
                    FROM yl_account a
                    WHERE a.status=1
                    AND a.is_validated=1
                    AND id='1' [ RunTime:0.0010s ]
INFO: [ view_parse ] --START--
NOTIC: [8] Use of undefined constant THEME_PATH - assumed 'THEME_PATH' D:\www\ylshop\ThinkPHP\Library\Think\Template.class.php 第 113 行.
ERR: 模板不存在:THEME_PATHlayout.html

[ 2016-09-05T00:42:12+08:00 ] 127.0.0.1 /Public/Admin/js/jquery.min.map
INFO: [ app_init ] --START--
INFO: Run Behavior\BuildLiteBehavior [ RunTime:0.000000s ]
INFO: [ app_init ] --END-- [ RunTime:0.001001s ]
INFO: [ app_begin ] --START--
INFO: Run Behavior\ReadHtmlCacheBehavior [ RunTime:0.001000s ]
INFO: [ app_begin ] --END-- [ RunTime:0.001000s ]
SQL: SHOW COLUMNS FROM `yl_config` [ RunTime:0.0270s ]
SQL: SELECT * FROM `yl_config`  [ RunTime:0.0010s ]
SQL: SHOW COLUMNS FROM `yl_account` [ RunTime:0.0280s ]
SQL: SELECT *
                    FROM yl_account a
                    WHERE a.status=1
                    AND a.is_validated=1
                    AND id='1' [ RunTime:0.0020s ]
INFO: [ view_parse ] --START--
NOTIC: [8] Use of undefined constant THEME_PATH - assumed 'THEME_PATH' D:\www\ylshop\ThinkPHP\Library\Think\Template.class.php 第 113 行.
ERR: 模板不存在:THEME_PATHlayout.html

[ 2016-09-05T01:19:56+08:00 ] 127.0.0.1 /Public/Admin/js/jquery.min.map
INFO: [ app_init ] --START--
INFO: Run Behavior\BuildLiteBehavior [ RunTime:0.000000s ]
INFO: [ app_init ] --END-- [ RunTime:0.001000s ]
INFO: [ app_begin ] --START--
INFO: Run Behavior\ReadHtmlCacheBehavior [ RunTime:0.001000s ]
INFO: [ app_begin ] --END-- [ RunTime:0.001000s ]
SQL: SHOW COLUMNS FROM `yl_config` [ RunTime:0.0280s ]
SQL: SELECT * FROM `yl_config`  [ RunTime:0.0010s ]
SQL: SHOW COLUMNS FROM `yl_account` [ RunTime:0.0270s ]
SQL: SELECT *
                    FROM yl_account a
                    WHERE a.status=1
                    AND a.is_validated=1
                    AND id='1' [ RunTime:0.0010s ]
INFO: [ view_parse ] --START--
NOTIC: [8] Use of undefined constant THEME_PATH - assumed 'THEME_PATH' D:\www\ylshop\ThinkPHP\Library\Think\Template.class.php 第 113 行.
ERR: 模板不存在:THEME_PATHlayout.html

[ 2016-09-05T01:20:08+08:00 ] 127.0.0.1 /Public/Admin/js/jquery.min.map
INFO: [ app_init ] --START--
INFO: Run Behavior\BuildLiteBehavior [ RunTime:0.000000s ]
INFO: [ app_init ] --END-- [ RunTime:0.000000s ]
INFO: [ app_begin ] --START--
INFO: Run Behavior\ReadHtmlCacheBehavior [ RunTime:0.001000s ]
INFO: [ app_begin ] --END-- [ RunTime:0.001000s ]
SQL: SHOW COLUMNS FROM `yl_config` [ RunTime:0.0240s ]
SQL: SELECT * FROM `yl_config`  [ RunTime:0.0000s ]
SQL: SHOW COLUMNS FROM `yl_account` [ RunTime:0.0270s ]
SQL: SELECT *
                    FROM yl_account a
                    WHERE a.status=1
                    AND a.is_validated=1
                    AND id='1' [ RunTime:0.0010s ]
INFO: [ view_parse ] --START--
NOTIC: [8] Use of undefined constant THEME_PATH - assumed 'THEME_PATH' D:\www\ylshop\ThinkPHP\Library\Think\Template.class.php 第 113 行.
ERR: 模板不存在:THEME_PATHlayout.html

[ 2016-09-05T01:20:38+08:00 ] 127.0.0.1 /Public/Admin/js/jquery.min.map
INFO: [ app_init ] --START--
INFO: Run Behavior\BuildLiteBehavior [ RunTime:0.000000s ]
INFO: [ app_init ] --END-- [ RunTime:0.001000s ]
INFO: [ app_begin ] --START--
INFO: Run Behavior\ReadHtmlCacheBehavior [ RunTime:0.001000s ]
INFO: [ app_begin ] --END-- [ RunTime:0.001000s ]
SQL: SHOW COLUMNS FROM `yl_config` [ RunTime:0.0270s ]
SQL: SELECT * FROM `yl_config`  [ RunTime:0.0010s ]
SQL: SHOW COLUMNS FROM `yl_account` [ RunTime:0.0260s ]
SQL: SELECT *
                    FROM yl_account a
                    WHERE a.status=1
                    AND a.is_validated=1
                    AND id='1' [ RunTime:0.0010s ]
INFO: [ view_parse ] --START--
NOTIC: [8] Use of undefined constant THEME_PATH - assumed 'THEME_PATH' D:\www\ylshop\ThinkPHP\Library\Think\Template.class.php 第 113 行.
ERR: 模板不存在:THEME_PATHlayout.html

[ 2016-09-05T01:21:25+08:00 ] 127.0.0.1 /Public/Admin/js/jquery.min.map
INFO: [ app_init ] --START--
INFO: Run Behavior\BuildLiteBehavior [ RunTime:0.000000s ]
INFO: [ app_init ] --END-- [ RunTime:0.000000s ]
INFO: [ app_begin ] --START--
INFO: Run Behavior\ReadHtmlCacheBehavior [ RunTime:0.000000s ]
INFO: [ app_begin ] --END-- [ RunTime:0.000000s ]
SQL: SHOW COLUMNS FROM `yl_config` [ RunTime:0.0156s ]
SQL: SELECT * FROM `yl_config`  [ RunTime:0.0000s ]
SQL: SHOW COLUMNS FROM `yl_account` [ RunTime:0.0312s ]
SQL: SELECT *
                    FROM yl_account a
                    WHERE a.status=1
                    AND a.is_validated=1
                    AND id='1' [ RunTime:0.0000s ]
INFO: [ view_parse ] --START--
NOTIC: [8] Use of undefined constant THEME_PATH - assumed 'THEME_PATH' D:\www\ylshop\ThinkPHP\Library\Think\Template.class.php 第 113 行.
ERR: 模板不存在:THEME_PATHlayout.html

[ 2016-09-05T01:22:00+08:00 ] 127.0.0.1 /Public/Admin/js/jquery.min.map
INFO: [ app_init ] --START--
INFO: Run Behavior\BuildLiteBehavior [ RunTime:0.000000s ]
INFO: [ app_init ] --END-- [ RunTime:0.000000s ]
INFO: [ app_begin ] --START--
INFO: Run Behavior\ReadHtmlCacheBehavior [ RunTime:0.000000s ]
INFO: [ app_begin ] --END-- [ RunTime:0.000000s ]
SQL: SHOW COLUMNS FROM `yl_config` [ RunTime:0.0156s ]
SQL: SELECT * FROM `yl_config`  [ RunTime:0.0000s ]
SQL: SHOW COLUMNS FROM `yl_account` [ RunTime:0.0312s ]
SQL: SELECT *
                    FROM yl_account a
                    WHERE a.status=1
                    AND a.is_validated=1
                    AND id='1' [ RunTime:0.0000s ]
INFO: [ view_parse ] --START--
NOTIC: [8] Use of undefined constant THEME_PATH - assumed 'THEME_PATH' D:\www\ylshop\ThinkPHP\Library\Think\Template.class.php 第 113 行.
ERR: 模板不存在:THEME_PATHlayout.html

[ 2016-09-05T01:23:34+08:00 ] 127.0.0.1 /Public/Admin/js/jquery.min.map
INFO: [ app_init ] --START--
INFO: Run Behavior\BuildLiteBehavior [ RunTime:0.000000s ]
INFO: [ app_init ] --END-- [ RunTime:0.001000s ]
INFO: [ app_begin ] --START--
INFO: Run Behavior\ReadHtmlCacheBehavior [ RunTime:0.001000s ]
INFO: [ app_begin ] --END-- [ RunTime:0.001000s ]
SQL: SHOW COLUMNS FROM `yl_config` [ RunTime:0.0240s ]
SQL: SELECT * FROM `yl_config`  [ RunTime:0.0010s ]
SQL: SHOW COLUMNS FROM `yl_account` [ RunTime:0.0260s ]
SQL: SELECT *
                    FROM yl_account a
                    WHERE a.status=1
                    AND a.is_validated=1
                    AND id='1' [ RunTime:0.0010s ]
INFO: [ view_parse ] --START--
NOTIC: [8] Use of undefined constant THEME_PATH - assumed 'THEME_PATH' D:\www\ylshop\ThinkPHP\Library\Think\Template.class.php 第 113 行.
ERR: 模板不存在:THEME_PATHlayout.html

[ 2016-09-05T01:24:28+08:00 ] 127.0.0.1 /Public/Admin/js/jquery.min.map
INFO: [ app_init ] --START--
INFO: Run Behavior\BuildLiteBehavior [ RunTime:0.000000s ]
INFO: [ app_init ] --END-- [ RunTime:0.001000s ]
INFO: [ app_begin ] --START--
INFO: Run Behavior\ReadHtmlCacheBehavior [ RunTime:0.002000s ]
INFO: [ app_begin ] --END-- [ RunTime:0.002000s ]
SQL: SHOW COLUMNS FROM `yl_config` [ RunTime:0.0260s ]
SQL: SELECT * FROM `yl_config`  [ RunTime:0.0010s ]
SQL: SHOW COLUMNS FROM `yl_account` [ RunTime:0.0280s ]
SQL: SELECT *
                    FROM yl_account a
                    WHERE a.status=1
                    AND a.is_validated=1
                    AND id='1' [ RunTime:0.0010s ]
INFO: [ view_parse ] --START--
NOTIC: [8] Use of undefined constant THEME_PATH - assumed 'THEME_PATH' D:\www\ylshop\ThinkPHP\Library\Think\Template.class.php 第 113 行.
ERR: 模板不存在:THEME_PATHlayout.html

[ 2016-09-05T01:26:50+08:00 ] 127.0.0.1 /Public/Admin/js/jquery.min.map
INFO: [ app_init ] --START--
INFO: Run Behavior\BuildLiteBehavior [ RunTime:0.000000s ]
INFO: [ app_init ] --END-- [ RunTime:0.001000s ]
INFO: [ app_begin ] --START--
INFO: Run Behavior\ReadHtmlCacheBehavior [ RunTime:0.001000s ]
INFO: [ app_begin ] --END-- [ RunTime:0.001000s ]
SQL: SHOW COLUMNS FROM `yl_config` [ RunTime:0.0250s ]
SQL: SELECT * FROM `yl_config`  [ RunTime:0.0010s ]
SQL: SHOW COLUMNS FROM `yl_account` [ RunTime:0.0300s ]
SQL: SELECT *
                    FROM yl_account a
                    WHERE a.status=1
                    AND a.is_validated=1
                    AND id='1' [ RunTime:0.0020s ]
INFO: [ view_parse ] --START--
NOTIC: [8] Use of undefined constant THEME_PATH - assumed 'THEME_PATH' D:\www\ylshop\ThinkPHP\Library\Think\Template.class.php 第 113 行.
ERR: 模板不存在:THEME_PATHlayout.html

[ 2016-09-05T01:27:07+08:00 ] 127.0.0.1 /Public/Admin/js/jquery.min.map
INFO: [ app_init ] --START--
INFO: Run Behavior\BuildLiteBehavior [ RunTime:0.000000s ]
INFO: [ app_init ] --END-- [ RunTime:0.001000s ]
INFO: [ app_begin ] --START--
INFO: Run Behavior\ReadHtmlCacheBehavior [ RunTime:0.001000s ]
INFO: [ app_begin ] --END-- [ RunTime:0.001000s ]
SQL: SHOW COLUMNS FROM `yl_config` [ RunTime:0.0240s ]
SQL: SELECT * FROM `yl_config`  [ RunTime:0.0010s ]
SQL: SHOW COLUMNS FROM `yl_account` [ RunTime:0.0280s ]
SQL: SELECT *
                    FROM yl_account a
                    WHERE a.status=1
                    AND a.is_validated=1
                    AND id='1' [ RunTime:0.0010s ]
INFO: [ view_parse ] --START--
NOTIC: [8] Use of undefined constant THEME_PATH - assumed 'THEME_PATH' D:\www\ylshop\ThinkPHP\Library\Think\Template.class.php 第 113 行.
ERR: 模板不存在:THEME_PATHlayout.html

[ 2016-09-05T01:27:29+08:00 ] 127.0.0.1 /Public/Admin/js/jquery.min.map
INFO: [ app_init ] --START--
INFO: Run Behavior\BuildLiteBehavior [ RunTime:0.000000s ]
INFO: [ app_init ] --END-- [ RunTime:0.001000s ]
INFO: [ app_begin ] --START--
INFO: Run Behavior\ReadHtmlCacheBehavior [ RunTime:0.001000s ]
INFO: [ app_begin ] --END-- [ RunTime:0.001000s ]
SQL: SHOW COLUMNS FROM `yl_config` [ RunTime:0.0250s ]
SQL: SELECT * FROM `yl_config`  [ RunTime:0.0010s ]
SQL: SHOW COLUMNS FROM `yl_account` [ RunTime:0.0270s ]
SQL: SELECT *
                    FROM yl_account a
                    WHERE a.status=1
                    AND a.is_validated=1
                    AND id='1' [ RunTime:0.0010s ]
INFO: [ view_parse ] --START--
NOTIC: [8] Use of undefined constant THEME_PATH - assumed 'THEME_PATH' D:\www\ylshop\ThinkPHP\Library\Think\Template.class.php 第 113 行.
ERR: 模板不存在:THEME_PATHlayout.html

[ 2016-09-05T01:32:14+08:00 ] 127.0.0.1 /Public/Admin/js/jquery.min.map
INFO: [ app_init ] --START--
INFO: Run Behavior\BuildLiteBehavior [ RunTime:0.000000s ]
INFO: [ app_init ] --END-- [ RunTime:0.001000s ]
INFO: [ app_begin ] --START--
INFO: Run Behavior\ReadHtmlCacheBehavior [ RunTime:0.000000s ]
INFO: [ app_begin ] --END-- [ RunTime:0.000000s ]
SQL: SHOW COLUMNS FROM `yl_config` [ RunTime:0.0130s ]
SQL: SELECT * FROM `yl_config`  [ RunTime:0.0010s ]
SQL: SHOW COLUMNS FROM `yl_account` [ RunTime:0.0200s ]
SQL: SELECT *
                    FROM yl_account a
                    WHERE a.status=1
                    AND a.is_validated=1
                    AND id='1' [ RunTime:0.0010s ]
INFO: [ view_parse ] --START--
NOTIC: [8] Use of undefined constant THEME_PATH - assumed 'THEME_PATH' D:\www\ylshop\ThinkPHP\Library\Think\Template.class.php 第 113 行.
ERR: 模板不存在:THEME_PATHlayout.html

[ 2016-09-05T01:33:03+08:00 ] 127.0.0.1 /Public/Admin/js/jquery.min.map
INFO: [ app_init ] --START--
INFO: Run Behavior\BuildLiteBehavior [ RunTime:0.000000s ]
INFO: [ app_init ] --END-- [ RunTime:0.000000s ]
INFO: [ app_begin ] --START--
INFO: Run Behavior\ReadHtmlCacheBehavior [ RunTime:0.001000s ]
INFO: [ app_begin ] --END-- [ RunTime:0.001000s ]
SQL: SHOW COLUMNS FROM `yl_config` [ RunTime:0.0110s ]
SQL: SELECT * FROM `yl_config`  [ RunTime:0.0010s ]
SQL: SHOW COLUMNS FROM `yl_account` [ RunTime:0.0110s ]
SQL: SELECT *
                    FROM yl_account a
                    WHERE a.status=1
                    AND a.is_validated=1
                    AND id='1' [ RunTime:0.0010s ]
INFO: [ view_parse ] --START--
NOTIC: [8] Use of undefined constant THEME_PATH - assumed 'THEME_PATH' D:\www\ylshop\ThinkPHP\Library\Think\Template.class.php 第 113 行.
ERR: 模板不存在:THEME_PATHlayout.html

[ 2016-09-05T01:39:34+08:00 ] 127.0.0.1 /Public/Admin/js/jquery.min.map
INFO: [ app_init ] --START--
INFO: Run Behavior\BuildLiteBehavior [ RunTime:0.000000s ]
INFO: [ app_init ] --END-- [ RunTime:0.000000s ]
INFO: [ app_begin ] --START--
INFO: Run Behavior\ReadHtmlCacheBehavior [ RunTime:0.001000s ]
INFO: [ app_begin ] --END-- [ RunTime:0.001000s ]
SQL: SHOW COLUMNS FROM `yl_config` [ RunTime:0.0110s ]
SQL: SELECT * FROM `yl_config`  [ RunTime:0.0010s ]
SQL: SHOW COLUMNS FROM `yl_account` [ RunTime:0.0100s ]
SQL: SELECT *
                    FROM yl_account a
                    WHERE a.status=1
                    AND a.is_validated=1
                    AND id='1' [ RunTime:0.0010s ]
INFO: [ view_parse ] --START--
NOTIC: [8] Use of undefined constant THEME_PATH - assumed 'THEME_PATH' D:\www\ylshop\ThinkPHP\Library\Think\Template.class.php 第 113 行.
ERR: 模板不存在:THEME_PATHlayout.html

[ 2016-09-05T01:48:26+08:00 ] 127.0.0.1 /Public/Admin/js/jquery.min.map
INFO: [ app_init ] --START--
INFO: Run Behavior\BuildLiteBehavior [ RunTime:0.000000s ]
INFO: [ app_init ] --END-- [ RunTime:0.001000s ]
INFO: [ app_begin ] --START--
INFO: Run Behavior\ReadHtmlCacheBehavior [ RunTime:0.001000s ]
INFO: [ app_begin ] --END-- [ RunTime:0.001000s ]
SQL: SHOW COLUMNS FROM `yl_config` [ RunTime:0.0270s ]
SQL: SELECT * FROM `yl_config`  [ RunTime:0.0010s ]
SQL: SHOW COLUMNS FROM `yl_account` [ RunTime:0.0290s ]
SQL: SELECT *
                    FROM yl_account a
                    WHERE a.status=1
                    AND a.is_validated=1
                    AND id='1' [ RunTime:0.0010s ]
INFO: [ view_parse ] --START--
NOTIC: [8] Use of undefined constant THEME_PATH - assumed 'THEME_PATH' D:\www\ylshop\ThinkPHP\Library\Think\Template.class.php 第 113 行.
ERR: 模板不存在:THEME_PATHlayout.html

[ 2016-09-05T01:50:54+08:00 ] 127.0.0.1 /Public/Admin/js/jquery.min.map
INFO: [ app_init ] --START--
INFO: Run Behavior\BuildLiteBehavior [ RunTime:0.000000s ]
INFO: [ app_init ] --END-- [ RunTime:0.001000s ]
INFO: [ app_begin ] --START--
INFO: Run Behavior\ReadHtmlCacheBehavior [ RunTime:0.001000s ]
INFO: [ app_begin ] --END-- [ RunTime:0.002000s ]
SQL: SHOW COLUMNS FROM `yl_config` [ RunTime:0.0260s ]
SQL: SELECT * FROM `yl_config`  [ RunTime:0.0010s ]
SQL: SHOW COLUMNS FROM `yl_account` [ RunTime:0.0300s ]
SQL: SELECT *
                    FROM yl_account a
                    WHERE a.status=1
                    AND a.is_validated=1
                    AND id='1' [ RunTime:0.0020s ]
INFO: [ view_parse ] --START--
NOTIC: [8] Use of undefined constant THEME_PATH - assumed 'THEME_PATH' D:\www\ylshop\ThinkPHP\Library\Think\Template.class.php 第 113 行.
ERR: 模板不存在:THEME_PATHlayout.html

[ 2016-09-05T01:51:34+08:00 ] 127.0.0.1 /Public/Admin/js/jquery.min.map
INFO: [ app_init ] --START--
INFO: Run Behavior\BuildLiteBehavior [ RunTime:0.000000s ]
INFO: [ app_init ] --END-- [ RunTime:0.001000s ]
INFO: [ app_begin ] --START--
INFO: Run Behavior\ReadHtmlCacheBehavior [ RunTime:0.001000s ]
INFO: [ app_begin ] --END-- [ RunTime:0.001000s ]
SQL: SHOW COLUMNS FROM `yl_config` [ RunTime:0.0260s ]
SQL: SELECT * FROM `yl_config`  [ RunTime:0.0010s ]
SQL: SHOW COLUMNS FROM `yl_account` [ RunTime:0.0290s ]
SQL: SELECT *
                    FROM yl_account a
                    WHERE a.status=1
                    AND a.is_validated=1
                    AND id='1' [ RunTime:0.0020s ]
INFO: [ view_parse ] --START--
NOTIC: [8] Use of undefined constant THEME_PATH - assumed 'THEME_PATH' D:\www\ylshop\ThinkPHP\Library\Think\Template.class.php 第 113 行.
ERR: 模板不存在:THEME_PATHlayout.html

[ 2016-09-05T01:55:54+08:00 ] 127.0.0.1 /Public/Admin/js/jquery.min.map
INFO: [ app_init ] --START--
INFO: Run Behavior\BuildLiteBehavior [ RunTime:0.000000s ]
INFO: [ app_init ] --END-- [ RunTime:0.001000s ]
INFO: [ app_begin ] --START--
INFO: Run Behavior\ReadHtmlCacheBehavior [ RunTime:0.001000s ]
INFO: [ app_begin ] --END-- [ RunTime:0.001000s ]
SQL: SHOW COLUMNS FROM `yl_config` [ RunTime:0.0280s ]
SQL: SELECT * FROM `yl_config`  [ RunTime:0.0010s ]
SQL: SHOW COLUMNS FROM `yl_account` [ RunTime:0.0260s ]
SQL: SELECT *
                    FROM yl_account a
                    WHERE a.status=1
                    AND a.is_validated=1
                    AND id='1' [ RunTime:0.0010s ]
INFO: [ view_parse ] --START--
NOTIC: [8] Use of undefined constant THEME_PATH - assumed 'THEME_PATH' D:\www\ylshop\ThinkPHP\Library\Think\Template.class.php 第 113 行.
ERR: 模板不存在:THEME_PATHlayout.html

[ 2016-09-05T01:56:53+08:00 ] 127.0.0.1 /Public/Admin/js/jquery.min.map
INFO: [ app_init ] --START--
INFO: Run Behavior\BuildLiteBehavior [ RunTime:0.000000s ]
INFO: [ app_init ] --END-- [ RunTime:0.001000s ]
INFO: [ app_begin ] --START--
INFO: Run Behavior\ReadHtmlCacheBehavior [ RunTime:0.001000s ]
INFO: [ app_begin ] --END-- [ RunTime:0.001000s ]
SQL: SHOW COLUMNS FROM `yl_config` [ RunTime:0.0250s ]
SQL: SELECT * FROM `yl_config`  [ RunTime:0.0010s ]
SQL: SHOW COLUMNS FROM `yl_account` [ RunTime:0.0270s ]
SQL: SELECT *
                    FROM yl_account a
                    WHERE a.status=1
                    AND a.is_validated=1
                    AND id='1' [ RunTime:0.0000s ]
INFO: [ view_parse ] --START--
NOTIC: [8] Use of undefined constant THEME_PATH - assumed 'THEME_PATH' D:\www\ylshop\ThinkPHP\Library\Think\Template.class.php 第 113 行.
ERR: 模板不存在:THEME_PATHlayout.html

[ 2016-09-05T02:00:23+08:00 ] 127.0.0.1 /Public/Admin/js/jquery.min.map
INFO: [ app_init ] --START--
INFO: Run Behavior\BuildLiteBehavior [ RunTime:0.000000s ]
INFO: [ app_init ] --END-- [ RunTime:0.002000s ]
INFO: [ app_begin ] --START--
INFO: Run Behavior\ReadHtmlCacheBehavior [ RunTime:0.002000s ]
INFO: [ app_begin ] --END-- [ RunTime:0.002000s ]
SQL: SHOW COLUMNS FROM `yl_config` [ RunTime:0.0240s ]
SQL: SELECT * FROM `yl_config`  [ RunTime:0.0000s ]
SQL: SHOW COLUMNS FROM `yl_account` [ RunTime:0.0270s ]
SQL: SELECT *
                    FROM yl_account a
                    WHERE a.status=1
                    AND a.is_validated=1
                    AND id='1' [ RunTime:0.0020s ]
INFO: [ view_parse ] --START--
NOTIC: [8] Use of undefined constant THEME_PATH - assumed 'THEME_PATH' D:\www\ylshop\ThinkPHP\Library\Think\Template.class.php 第 113 行.
ERR: 模板不存在:THEME_PATHlayout.html

[ 2016-09-05T02:01:50+08:00 ] 127.0.0.1 /Public/Admin/js/jquery.min.map
INFO: [ app_init ] --START--
INFO: Run Behavior\BuildLiteBehavior [ RunTime:0.000000s ]
INFO: [ app_init ] --END-- [ RunTime:0.001000s ]
INFO: [ app_begin ] --START--
INFO: Run Behavior\ReadHtmlCacheBehavior [ RunTime:0.001000s ]
INFO: [ app_begin ] --END-- [ RunTime:0.001000s ]
SQL: SHOW COLUMNS FROM `yl_config` [ RunTime:0.0250s ]
SQL: SELECT * FROM `yl_config`  [ RunTime:0.0010s ]
SQL: SHOW COLUMNS FROM `yl_account` [ RunTime:0.0270s ]
SQL: SELECT *
                    FROM yl_account a
                    WHERE a.status=1
                    AND a.is_validated=1
                    AND id='1' [ RunTime:0.0010s ]
INFO: [ view_parse ] --START--
NOTIC: [8] Use of undefined constant THEME_PATH - assumed 'THEME_PATH' D:\www\ylshop\ThinkPHP\Library\Think\Template.class.php 第 113 行.
ERR: 模板不存在:THEME_PATHlayout.html

[ 2016-09-05T02:03:13+08:00 ] 127.0.0.1 /Public/Admin/js/jquery.min.map
INFO: [ app_init ] --START--
INFO: Run Behavior\BuildLiteBehavior [ RunTime:0.000000s ]
INFO: [ app_init ] --END-- [ RunTime:0.001000s ]
INFO: [ app_begin ] --START--
INFO: Run Behavior\ReadHtmlCacheBehavior [ RunTime:0.001000s ]
INFO: [ app_begin ] --END-- [ RunTime:0.002000s ]
SQL: SHOW COLUMNS FROM `yl_config` [ RunTime:0.0250s ]
SQL: SELECT * FROM `yl_config`  [ RunTime:0.0010s ]
SQL: SHOW COLUMNS FROM `yl_account` [ RunTime:0.0260s ]
SQL: SELECT *
                    FROM yl_account a
                    WHERE a.status=1
                    AND a.is_validated=1
                    AND id='1' [ RunTime:0.0010s ]
INFO: [ view_parse ] --START--
NOTIC: [8] Use of undefined constant THEME_PATH - assumed 'THEME_PATH' D:\www\ylshop\ThinkPHP\Library\Think\Template.class.php 第 113 行.
ERR: 模板不存在:THEME_PATHlayout.html

[ 2016-09-05T02:04:42+08:00 ] 127.0.0.1 /Public/Admin/js/jquery.min.map
INFO: [ app_init ] --START--
INFO: Run Behavior\BuildLiteBehavior [ RunTime:0.000000s ]
INFO: [ app_init ] --END-- [ RunTime:0.001000s ]
INFO: [ app_begin ] --START--
INFO: Run Behavior\ReadHtmlCacheBehavior [ RunTime:0.001000s ]
INFO: [ app_begin ] --END-- [ RunTime:0.001000s ]
SQL: SHOW COLUMNS FROM `yl_config` [ RunTime:0.0260s ]
SQL: SELECT * FROM `yl_config`  [ RunTime:0.0010s ]
SQL: SHOW COLUMNS FROM `yl_account` [ RunTime:0.0290s ]
SQL: SELECT *
                    FROM yl_account a
                    WHERE a.status=1
                    AND a.is_validated=1
                    AND id='1' [ RunTime:0.0010s ]
INFO: [ view_parse ] --START--
NOTIC: [8] Use of undefined constant THEME_PATH - assumed 'THEME_PATH' D:\www\ylshop\ThinkPHP\Library\Think\Template.class.php 第 113 行.
ERR: 模板不存在:THEME_PATHlayout.html

[ 2016-09-05T02:06:07+08:00 ] 127.0.0.1 /Public/Admin/js/jquery.min.map
INFO: [ app_init ] --START--
INFO: Run Behavior\BuildLiteBehavior [ RunTime:0.000000s ]
INFO: [ app_init ] --END-- [ RunTime:0.001000s ]
INFO: [ app_begin ] --START--
INFO: Run Behavior\ReadHtmlCacheBehavior [ RunTime:0.001000s ]
INFO: [ app_begin ] --END-- [ RunTime:0.001000s ]
SQL: SHOW COLUMNS FROM `yl_config` [ RunTime:0.0260s ]
SQL: SELECT * FROM `yl_config`  [ RunTime:0.0010s ]
SQL: SHOW COLUMNS FROM `yl_account` [ RunTime:0.0280s ]
SQL: SELECT *
                    FROM yl_account a
                    WHERE a.status=1
                    AND a.is_validated=1
                    AND id='1' [ RunTime:0.0010s ]
INFO: [ view_parse ] --START--
NOTIC: [8] Use of undefined constant THEME_PATH - assumed 'THEME_PATH' D:\www\ylshop\ThinkPHP\Library\Think\Template.class.php 第 113 行.
ERR: 模板不存在:THEME_PATHlayout.html

[ 2016-09-05T02:08:29+08:00 ] 127.0.0.1 /Public/Admin/js/jquery.min.map
INFO: [ app_init ] --START--
INFO: Run Behavior\BuildLiteBehavior [ RunTime:0.000000s ]
INFO: [ app_init ] --END-- [ RunTime:0.001000s ]
INFO: [ app_begin ] --START--
INFO: Run Behavior\ReadHtmlCacheBehavior [ RunTime:0.001000s ]
INFO: [ app_begin ] --END-- [ RunTime:0.002000s ]
SQL: SHOW COLUMNS FROM `yl_config` [ RunTime:0.0280s ]
SQL: SELECT * FROM `yl_config`  [ RunTime:0.0010s ]
SQL: SHOW COLUMNS FROM `yl_account` [ RunTime:0.0300s ]
SQL: SELECT *
                    FROM yl_account a
                    WHERE a.status=1
                    AND a.is_validated=1
                    AND id='1' [ RunTime:0.0010s ]
INFO: [ view_parse ] --START--
NOTIC: [8] Use of undefined constant THEME_PATH - assumed 'THEME_PATH' D:\www\ylshop\ThinkPHP\Library\Think\Template.class.php 第 113 行.
ERR: 模板不存在:THEME_PATHlayout.html

[ 2016-09-05T02:08:32+08:00 ] 127.0.0.1 /index/ajax_get_count_visit/type/type/WAP
INFO: [ app_init ] --START--
INFO: Run Behavior\BuildLiteBehavior [ RunTime:0.000000s ]
INFO: [ app_init ] --END-- [ RunTime:0.001000s ]
INFO: [ app_begin ] --START--
INFO: Run Behavior\ReadHtmlCacheBehavior [ RunTime:0.001000s ]
INFO: [ app_begin ] --END-- [ RunTime:0.001000s ]
SQL: SHOW COLUMNS FROM `yl_config` [ RunTime:0.0240s ]
SQL: SELECT * FROM `yl_config`  [ RunTime:0.0020s ]
SQL: SHOW COLUMNS FROM `yl_account` [ RunTime:0.0270s ]
SQL: SELECT *
                    FROM yl_account a
                    WHERE a.status=1
                    AND a.is_validated=1
                    AND id='1' [ RunTime:0.0010s ]
INFO: [ view_parse ] --START--
NOTIC: [8] Use of undefined constant THEME_PATH - assumed 'THEME_PATH' D:\www\ylshop\ThinkPHP\Library\Think\Template.class.php 第 113 行.
ERR: 模板不存在:THEME_PATHlayout.html

[ 2016-09-05T02:08:54+08:00 ] 127.0.0.1 /Public/Admin/js/jquery.min.map
INFO: [ app_init ] --START--
INFO: Run Behavior\BuildLiteBehavior [ RunTime:0.000000s ]
INFO: [ app_init ] --END-- [ RunTime:0.001000s ]
INFO: [ app_begin ] --START--
INFO: Run Behavior\ReadHtmlCacheBehavior [ RunTime:0.001000s ]
INFO: [ app_begin ] --END-- [ RunTime:0.001000s ]
SQL: SHOW COLUMNS FROM `yl_config` [ RunTime:0.0270s ]
SQL: SELECT * FROM `yl_config`  [ RunTime:0.0000s ]
SQL: SHOW COLUMNS FROM `yl_account` [ RunTime:0.0290s ]
SQL: SELECT *
                    FROM yl_account a
                    WHERE a.status=1
                    AND a.is_validated=1
                    AND id='1' [ RunTime:0.0010s ]
INFO: [ view_parse ] --START--
NOTIC: [8] Use of undefined constant THEME_PATH - assumed 'THEME_PATH' D:\www\ylshop\ThinkPHP\Library\Think\Template.class.php 第 113 行.
ERR: 模板不存在:THEME_PATHlayout.html

