[ 2016-09-06T20:03:27+08:00 ] 127.0.0.1 /admin/
INFO: [ app_init ] --START--
INFO: Run Behavior\BuildLiteBehavior [ RunTime:0.000000s ]
INFO: [ app_init ] --END-- [ RunTime:0.001000s ]
INFO: [ app_begin ] --START--
INFO: Run Behavior\ReadHtmlCacheBehavior [ RunTime:0.001000s ]
INFO: [ app_begin ] --END-- [ RunTime:0.001000s ]

[ 2016-09-06T20:03:27+08:00 ] 127.0.0.1 /Admin/login/index
INFO: [ app_init ] --START--
INFO: Run Behavior\BuildLiteBehavior [ RunTime:0.000000s ]
INFO: [ app_init ] --END-- [ RunTime:0.001000s ]
INFO: [ app_begin ] --START--
INFO: Run Behavior\ReadHtmlCacheBehavior [ RunTime:0.001000s ]
INFO: [ app_begin ] --END-- [ RunTime:0.001000s ]
SQL: SHOW COLUMNS FROM `yl_admin_user` [ RunTime:0.0080s ]
SQL: SHOW COLUMNS FROM `yl_admin_user_login` [ RunTime:0.0080s ]
INFO: [ view_parse ] --START--
INFO: [ template_filter ] --START--
INFO: Run Behavior\ContentReplaceBehavior [ RunTime:0.001000s ]
INFO: [ template_filter ] --END-- [ RunTime:0.001000s ]
INFO: Run Behavior\ParseTemplateBehavior [ RunTime:0.012001s ]
INFO: [ view_parse ] --END-- [ RunTime:0.013001s ]
INFO: [ view_filter ] --START--
INFO: Run Behavior\WriteHtmlCacheBehavior [ RunTime:0.001000s ]
INFO: [ view_filter ] --END-- [ RunTime:0.001000s ]
INFO: [ app_end ] --START--
INFO: Run Behavior\ShowPageTraceBehavior [ RunTime:0.001000s ]
INFO: [ app_end ] --END-- [ RunTime:0.001000s ]

[ 2016-09-06T20:03:34+08:00 ] 127.0.0.1 /Admin/login/index
INFO: [ app_init ] --START--
INFO: Run Behavior\BuildLiteBehavior [ RunTime:0.000000s ]
INFO: [ app_init ] --END-- [ RunTime:0.001000s ]
INFO: [ app_begin ] --START--
INFO: Run Behavior\ReadHtmlCacheBehavior [ RunTime:0.001000s ]
INFO: [ app_begin ] --END-- [ RunTime:0.002000s ]
SQL: SHOW COLUMNS FROM `yl_admin_user` [ RunTime:0.0630s ]
SQL: SHOW COLUMNS FROM `yl_admin_user_login` [ RunTime:0.0080s ]
SQL: SELECT aul.error_total
                FROM yl_admin_user_login aul
                WHERE aul.name='admin' AND aul.date_added = 1473091200
                LIMIT 0,1 [ RunTime:0.0010s ]
SQL: SELECT * FROM `yl_admin_user` WHERE `name` = 'admin' AND `status` = 1 LIMIT 1   [ RunTime:0.0010s ]
SQL: SHOW COLUMNS FROM `yl_admin_user_activity` [ RunTime:0.0070s ]
SQL: INSERT INTO `yl_admin_user_activity` (`user_id`,`key`,`ip`,`date_added`) VALUES ('1','login','127.0.0.1','1473163414') [ RunTime:0.0040s ]
SQL: UPDATE `yl_admin_user_login` SET `error_total`='0',`ip`='127.0.0.1',`date_modified`='1473163414' WHERE `name` = 'admin' AND `date_added` = 1473091200 [ RunTime:0.0030s ]

[ 2016-09-06T20:03:34+08:00 ] 127.0.0.1 /Admin/index/index
INFO: [ app_init ] --START--
INFO: Run Behavior\BuildLiteBehavior [ RunTime:0.000000s ]
INFO: [ app_init ] --END-- [ RunTime:0.001000s ]
INFO: [ app_begin ] --START--
INFO: Run Behavior\ReadHtmlCacheBehavior [ RunTime:0.000000s ]
INFO: [ app_begin ] --END-- [ RunTime:0.001000s ]
SQL: SHOW COLUMNS FROM `yl_config` [ RunTime:0.0060s ]
SQL: SELECT * FROM `yl_config`  [ RunTime:0.0010s ]
SQL: SHOW COLUMNS FROM `yl_group_user` [ RunTime:0.0080s ]
SQL: SELECT `uid`,`group_id`,`title`,`rules` FROM yl_group_user a INNER JOIN yl_group g on a.group_id=g.id  WHERE ( a.uid='1' and g.status='1' )  [ RunTime:0.0010s ]
SQL: SHOW COLUMNS FROM `yl_access_rule` [ RunTime:0.0070s ]
SQL: SELECT `id`,`condition`,`name` FROM `yl_access_rule` WHERE `id` IN ('1','2','7','6','5','3','14','13','12','11','10','9','8','4','17','16','15','18','21','33','32','31','30','29','28','22','35','34','93','26','47','46','45','23','38','37','36','24','41','40','39','25','44','43','42','27','50','49','48','128','19','51','55','54','53','52','58','57','56','121','123','122','94','95','102','103','96','107','106','101','105','125','127','126','99','104','20','59','62','61','60','76','79','78','77','81','84','83','82','108','109','120','119','118','110','117','116','115','111','112','113','114','63','80','64','67','66','65','68','71','70','69','72','75','74','73','85','88','87','86','89','92','91','90','124') AND `type` = 1 AND `status` = 1  [ RunTime:0.0020s ]
SQL: SHOW COLUMNS FROM `yl_access_rule` [ RunTime:0.0070s ]
SQL: SELECT `name` FROM `yl_access_rule`  [ RunTime:0.0010s ]
SQL: SHOW COLUMNS FROM `yl_order` [ RunTime:0.0080s ]
SQL: SHOW COLUMNS FROM `yl_account` [ RunTime:0.0070s ]
SQL: SELECT td.setting_date,
                    IFNULL( (SELECT count(1) FROM yl_order
                      WHERE FROM_UNIXTIME(date_added,'%Y-%m-%d')= td.setting_date), 0) all_rows,
                    IFNULL( (SELECT sum(total) FROM yl_order
                      WHERE FROM_UNIXTIME(date_added,'%Y-%m-%d')= td.setting_date), 0) all_total,
                    IFNULL( (SELECT count(1) FROM yl_order
                      WHERE FROM_UNIXTIME(date_added,'%Y-%m-%d')= td.setting_date AND payment_status_id=1), 0) pay_rows,
                    IFNULL( (SELECT sum(total) FROM yl_order
                      WHERE FROM_UNIXTIME(date_added,'%Y-%m-%d')= td.setting_date AND payment_status_id=1), 0) pay_total,
                    IFNULL( (SELECT count(1) FROM yl_order
                     WHERE FROM_UNIXTIME(date_added,'%Y-%m-%d')= td.setting_date AND order_status_id in(7,9)), 0) back_rows
                  FROM yl_tmp_date td
                  WHERE  td.setting_date>='2016-09-04'
                  AND td.setting_date<='2016-09-06'
                  ORDER BY td.setting_date ASC LIMIT 0, 10 [ RunTime:0.0040s ]
SQL: SELECT td.setting_date,
                    ( SELECT count(1) FROM yl_account
                      WHERE FROM_UNIXTIME(reg_time,'%Y-%m-%d')= td.setting_date) all_rows,
                    ( SELECT sum(1) FROM yl_account
                      WHERE FROM_UNIXTIME(reg_time,'%Y-%m-%d')= td.setting_date AND status=1) active_rows

                  FROM yl_tmp_date td
                  WHERE  td.setting_date>='2016-09-04'
                  AND td.setting_date<='2016-09-06'
                  ORDER BY td.setting_date ASC LIMIT 0, 10 [ RunTime:0.0010s ]
INFO: [ view_parse ] --START--
INFO: [ template_filter ] --START--
INFO: Run Behavior\ContentReplaceBehavior [ RunTime:0.000000s ]
INFO: [ template_filter ] --END-- [ RunTime:0.000000s ]
SQL: SHOW COLUMNS FROM `yl_access_rule` [ RunTime:0.0080s ]
SQL: SELECT `id`,`condition`,`name` FROM `yl_access_rule` WHERE `id` IN ('1','2','7','6','5','3','14','13','12','11','10','9','8','4','17','16','15','18','21','33','32','31','30','29','28','22','35','34','93','26','47','46','45','23','38','37','36','24','41','40','39','25','44','43','42','27','50','49','48','128','19','51','55','54','53','52','58','57','56','121','123','122','94','95','102','103','96','107','106','101','105','125','127','126','99','104','20','59','62','61','60','76','79','78','77','81','84','83','82','108','109','120','119','118','110','117','116','115','111','112','113','114','63','80','64','67','66','65','68','71','70','69','72','75','74','73','85','88','87','86','89','92','91','90','124') AND `type` IN ('1','2') AND `status` = 1  [ RunTime:0.0020s ]
SQL: SHOW COLUMNS FROM `yl_access_rule` [ RunTime:0.0070s ]
SQL: SELECT * FROM `yl_access_rule` WHERE `status` = 1 AND `is_show` = 1 AND `name` IN ('权限管理','admin/menu/index','admin/group/index','admin/user/index','admin/menu/add','admin/menu/update','admin/menu/delete','admin/group/add','admin/group/update','admin/group/delete','admin/group/authaccess','admin/group/authuser','admin/group/authuser_add','admin/group/authuser_delete','admin/user/add','admin/user/update','admin/user/delete','商品管理','客户管理','促销管理','admin/goods/index','admin/trash/index','admin/brand/index','admin/goods_type/index','admin/attribute/index','admin/category/index','admin/position/index','admin/goods/add','admin/goods/update','admin/goods/delete','admin/goods/product_list','admin/goods/add_product','admin/goods/ajax_get_attr','admin/trash/restore','admin/trash/delete','admin/brand/add','admin/brand/update','admin/brand/delete','admin/goods_type/add','admin/goods_type/update','admin/goods_type/delete','admin/attribute/add','admin/attribute/update','admin/attribute/delete','admin/category/add','admin/category/update','admin/category/delete','admin/position/add','admin/position/update','admin/position/delete','admin/suppliers/index','admin/account_rank/index','admin/suppliers/add','admin/suppliers/update','admin/suppliers/delete','admin/account_rank/add','admin/account_rank/update','admin/account_rank/delete','admin/promotions/index','admin/promotions/add','admin/promotions/update','admin/promotions/delete','系统设置','admin/area/index','admin/area/add','admin/area/update','admin/area/delete','admin/shipping/index','admin/shipping/add','admin/shipping/update','admin/shipping/delete','admin/friend_link/index','admin/friend_link/add','admin/friend_link/update','admin/friend_link/delete','admin/coupon/index','admin/coupon/add','admin/coupon/update','admin/coupon/delete','admin/config/index','admin/ad/index','admin/ad/add','admin/ad/update','admin/ad/delete','admin/email_tpl/index','admin/email_tpl/add','admin/email_tpl/update','admin/email_tpl/delete','admin/payment/index','admin/payment/add','admin/payment/update','admin/payment/delete','admin/review/index','订单管理','admin/order/index','admin/order_unconfirm/index','admin/order_return/index','admin/order_stockup/index','admin/order/view','admin/order/cancel','admin/order_return/return_order','admin/order_stockup/edit','admin/order_unconfirm/edit','admin/order_unconfirm/confirm','资讯管理','admin/article_category/index','admin/article/index','报表管理','admin/report_site/index','admin/report_order/index','admin/report_account/index','admin/article/add','admin/article/update','admin/article/delete','admin/article_category/add','admin/article_category/update','admin/article_category/delete','admin/account/index','admin/account/update','admin/account/ajax_set_value','admin/personal/index','admin/order_send/index','admin/order_send/confirm','admin/order_send/edit','admin/search/index') ORDER BY `sort` DESC,`id` DESC  [ RunTime:0.0020s ]
INFO: [ view_parse ] --START--
INFO: [ template_filter ] --START--
INFO: Run Behavior\ContentReplaceBehavior [ RunTime:0.000000s ]
INFO: [ template_filter ] --END-- [ RunTime:-0.041002s ]
INFO: Run Behavior\ParseTemplateBehavior [ RunTime:0.011000s ]
INFO: [ view_parse ] --END-- [ RunTime:0.012000s ]
INFO: [ view_filter ] --START--
INFO: Run Behavior\WriteHtmlCacheBehavior [ RunTime:0.001000s ]
INFO: [ view_filter ] --END-- [ RunTime:0.001000s ]
INFO: Run Behavior\ParseTemplateBehavior [ RunTime:0.012000s ]
INFO: [ view_parse ] --END-- [ RunTime:0.012000s ]
INFO: [ view_filter ] --START--
INFO: Run Behavior\WriteHtmlCacheBehavior [ RunTime:0.000000s ]
INFO: [ view_filter ] --END-- [ RunTime:0.000000s ]
INFO: [ app_end ] --START--
INFO: Run Behavior\ShowPageTraceBehavior [ RunTime:0.001000s ]
INFO: [ app_end ] --END-- [ RunTime:0.001000s ]

[ 2016-09-06T20:03:36+08:00 ] 127.0.0.1 /Admin/index/ajax_get_count_visit
INFO: [ app_init ] --START--
INFO: Run Behavior\BuildLiteBehavior [ RunTime:0.000000s ]
INFO: [ app_init ] --END-- [ RunTime:0.000000s ]
INFO: [ app_begin ] --START--
INFO: Run Behavior\ReadHtmlCacheBehavior [ RunTime:0.001000s ]
INFO: [ app_begin ] --END-- [ RunTime:0.001000s ]
SQL: SHOW COLUMNS FROM `yl_config` [ RunTime:0.0060s ]
SQL: SELECT * FROM `yl_config`  [ RunTime:0.0010s ]
SQL: SHOW COLUMNS FROM `yl_group_user` [ RunTime:0.0110s ]
SQL: SELECT `uid`,`group_id`,`title`,`rules` FROM yl_group_user a INNER JOIN yl_group g on a.group_id=g.id  WHERE ( a.uid='1' and g.status='1' )  [ RunTime:0.0010s ]
SQL: SHOW COLUMNS FROM `yl_access_rule` [ RunTime:0.0100s ]
SQL: SELECT `id`,`condition`,`name` FROM `yl_access_rule` WHERE `id` IN ('1','2','7','6','5','3','14','13','12','11','10','9','8','4','17','16','15','18','21','33','32','31','30','29','28','22','35','34','93','26','47','46','45','23','38','37','36','24','41','40','39','25','44','43','42','27','50','49','48','128','19','51','55','54','53','52','58','57','56','121','123','122','94','95','102','103','96','107','106','101','105','125','127','126','99','104','20','59','62','61','60','76','79','78','77','81','84','83','82','108','109','120','119','118','110','117','116','115','111','112','113','114','63','80','64','67','66','65','68','71','70','69','72','75','74','73','85','88','87','86','89','92','91','90','124') AND `type` = 1 AND `status` = 1  [ RunTime:0.0020s ]
SQL: SHOW COLUMNS FROM `yl_access_rule` [ RunTime:0.0090s ]
SQL: SELECT `name` FROM `yl_access_rule`  [ RunTime:0.0010s ]
SQL: SHOW COLUMNS FROM `yl_day_count_visit` [ RunTime:0.0070s ]
SQL: SELECT * FROM `yl_day_count_visit` WHERE `type` = 'WEB' AND ( `date` >= '2016-08-30' AND `date` <= '2016-09-06'  ) ORDER BY `date` ASC LIMIT 0,10   [ RunTime:0.0010s ]

[ 2016-09-06T20:03:42+08:00 ] 127.0.0.1 /admin/goods/index
INFO: [ app_init ] --START--
INFO: Run Behavior\BuildLiteBehavior [ RunTime:0.000000s ]
INFO: [ app_init ] --END-- [ RunTime:0.001000s ]
INFO: [ app_begin ] --START--
INFO: Run Behavior\ReadHtmlCacheBehavior [ RunTime:0.001000s ]
INFO: [ app_begin ] --END-- [ RunTime:0.002000s ]
SQL: SHOW COLUMNS FROM `yl_config` [ RunTime:0.0070s ]
SQL: SELECT * FROM `yl_config`  [ RunTime:0.0000s ]
SQL: SHOW COLUMNS FROM `yl_group_user` [ RunTime:0.0080s ]
SQL: SELECT `uid`,`group_id`,`title`,`rules` FROM yl_group_user a INNER JOIN yl_group g on a.group_id=g.id  WHERE ( a.uid='1' and g.status='1' )  [ RunTime:0.0010s ]
SQL: SHOW COLUMNS FROM `yl_access_rule` [ RunTime:0.0060s ]
SQL: SELECT `id`,`condition`,`name` FROM `yl_access_rule` WHERE `id` IN ('1','2','7','6','5','3','14','13','12','11','10','9','8','4','17','16','15','18','21','33','32','31','30','29','28','22','35','34','93','26','47','46','45','23','38','37','36','24','41','40','39','25','44','43','42','27','50','49','48','128','19','51','55','54','53','52','58','57','56','121','123','122','94','95','102','103','96','107','106','101','105','125','127','126','99','104','20','59','62','61','60','76','79','78','77','81','84','83','82','108','109','120','119','118','110','117','116','115','111','112','113','114','63','80','64','67','66','65','68','71','70','69','72','75','74','73','85','88','87','86','89','92','91','90','124') AND `type` = 1 AND `status` = 1  [ RunTime:0.0020s ]
SQL: SHOW COLUMNS FROM `yl_goods` [ RunTime:0.0080s ]
SQL: SHOW COLUMNS FROM `yl_category` [ RunTime:0.0070s ]
SQL: SHOW COLUMNS FROM `yl_brand` [ RunTime:0.0070s ]
SQL: SHOW COLUMNS FROM `yl_position` [ RunTime:0.0060s ]
SQL: SELECT `id`,`name`,`pid` FROM `yl_category` WHERE `status` = 1 ORDER BY `sort` DESC,`id` DESC  [ RunTime:0.0010s ]
SQL: SELECT `id`,`name` FROM `yl_brand` WHERE `status` = 1 ORDER BY `sort` DESC,`id` DESC  [ RunTime:0.0010s ]
SQL: SELECT `id`,`name` FROM `yl_position` WHERE `status` = 1 ORDER BY `sort` DESC,`id` DESC  [ RunTime:0.0010s ]
SQL: SELECT count(*) total  FROM (SELECT g.id FROM yl_goods g LEFT JOIN yl_goods_category gc ON g.id=gc.goods_id AND gc.is_primary=1 LEFT JOIN yl_category c ON gc.category_id=c.id LEFT JOIN yl_position_goods pg ON g.id=pg.goods_id LEFT JOIN yl_position p ON pg.position_id = p.id LEFT JOIN yl_brand b ON g.brand_id=b.id  WHERE g.is_delete = 0 GROUP BY g.id ) A  [ RunTime:0.0020s ]
SQL: SELECT g.*,GROUP_CONCAT(p.name) position_name,c.name category_name,b.name brand_name FROM yl_goods g LEFT JOIN yl_goods_category gc ON g.id=gc.goods_id AND gc.is_primary=1 LEFT JOIN yl_category c ON gc.category_id=c.id LEFT JOIN yl_position_goods pg ON g.id=pg.goods_id LEFT JOIN yl_position p ON pg.position_id = p.id LEFT JOIN yl_brand b ON g.brand_id=b.id  WHERE g.is_delete = 0 GROUP BY g.id ORDER BY `sort` DESC,`id` DESC LIMIT 0,10   [ RunTime:0.0150s ]
SQL: SELECT ga.goods_id
                FROM yl_goods_attr ga
                LEFT JOIN yl_attribute a
                ON ga.attr_id=a.id
                WHERE ga.goods_id in(2,5,4,3) AND a.type=2
                GROUP BY ga.goods_id [ RunTime:0.0010s ]
INFO: [ view_parse ] --START--
INFO: [ template_filter ] --START--
INFO: Run Behavior\ContentReplaceBehavior [ RunTime:0.000000s ]
INFO: [ template_filter ] --END-- [ RunTime:0.000000s ]
SQL: SHOW COLUMNS FROM `yl_access_rule` [ RunTime:0.0070s ]
SQL: SELECT `id`,`condition`,`name` FROM `yl_access_rule` WHERE `id` IN ('1','2','7','6','5','3','14','13','12','11','10','9','8','4','17','16','15','18','21','33','32','31','30','29','28','22','35','34','93','26','47','46','45','23','38','37','36','24','41','40','39','25','44','43','42','27','50','49','48','128','19','51','55','54','53','52','58','57','56','121','123','122','94','95','102','103','96','107','106','101','105','125','127','126','99','104','20','59','62','61','60','76','79','78','77','81','84','83','82','108','109','120','119','118','110','117','116','115','111','112','113','114','63','80','64','67','66','65','68','71','70','69','72','75','74','73','85','88','87','86','89','92','91','90','124') AND `type` IN ('1','2') AND `status` = 1  [ RunTime:0.0020s ]
SQL: SHOW COLUMNS FROM `yl_access_rule` [ RunTime:0.0070s ]
SQL: SELECT * FROM `yl_access_rule` WHERE `status` = 1 AND `is_show` = 1 AND `name` IN ('权限管理','admin/menu/index','admin/group/index','admin/user/index','admin/menu/add','admin/menu/update','admin/menu/delete','admin/group/add','admin/group/update','admin/group/delete','admin/group/authaccess','admin/group/authuser','admin/group/authuser_add','admin/group/authuser_delete','admin/user/add','admin/user/update','admin/user/delete','商品管理','客户管理','促销管理','admin/goods/index','admin/trash/index','admin/brand/index','admin/goods_type/index','admin/attribute/index','admin/category/index','admin/position/index','admin/goods/add','admin/goods/update','admin/goods/delete','admin/goods/product_list','admin/goods/add_product','admin/goods/ajax_get_attr','admin/trash/restore','admin/trash/delete','admin/brand/add','admin/brand/update','admin/brand/delete','admin/goods_type/add','admin/goods_type/update','admin/goods_type/delete','admin/attribute/add','admin/attribute/update','admin/attribute/delete','admin/category/add','admin/category/update','admin/category/delete','admin/position/add','admin/position/update','admin/position/delete','admin/suppliers/index','admin/account_rank/index','admin/suppliers/add','admin/suppliers/update','admin/suppliers/delete','admin/account_rank/add','admin/account_rank/update','admin/account_rank/delete','admin/promotions/index','admin/promotions/add','admin/promotions/update','admin/promotions/delete','系统设置','admin/area/index','admin/area/add','admin/area/update','admin/area/delete','admin/shipping/index','admin/shipping/add','admin/shipping/update','admin/shipping/delete','admin/friend_link/index','admin/friend_link/add','admin/friend_link/update','admin/friend_link/delete','admin/coupon/index','admin/coupon/add','admin/coupon/update','admin/coupon/delete','admin/config/index','admin/ad/index','admin/ad/add','admin/ad/update','admin/ad/delete','admin/email_tpl/index','admin/email_tpl/add','admin/email_tpl/update','admin/email_tpl/delete','admin/payment/index','admin/payment/add','admin/payment/update','admin/payment/delete','admin/review/index','订单管理','admin/order/index','admin/order_unconfirm/index','admin/order_return/index','admin/order_stockup/index','admin/order/view','admin/order/cancel','admin/order_return/return_order','admin/order_stockup/edit','admin/order_unconfirm/edit','admin/order_unconfirm/confirm','资讯管理','admin/article_category/index','admin/article/index','报表管理','admin/report_site/index','admin/report_order/index','admin/report_account/index','admin/article/add','admin/article/update','admin/article/delete','admin/article_category/add','admin/article_category/update','admin/article_category/delete','admin/account/index','admin/account/update','admin/account/ajax_set_value','admin/personal/index','admin/order_send/index','admin/order_send/confirm','admin/order_send/edit','admin/search/index') ORDER BY `sort` DESC,`id` DESC  [ RunTime:0.0020s ]
INFO: [ view_parse ] --START--
INFO: [ template_filter ] --START--
INFO: Run Behavior\ContentReplaceBehavior [ RunTime:0.000000s ]
INFO: [ template_filter ] --END-- [ RunTime:-0.042003s ]
INFO: Run Behavior\ParseTemplateBehavior [ RunTime:0.011001s ]
INFO: [ view_parse ] --END-- [ RunTime:0.011001s ]
INFO: [ view_filter ] --START--
INFO: Run Behavior\WriteHtmlCacheBehavior [ RunTime:0.001000s ]
INFO: [ view_filter ] --END-- [ RunTime:0.001000s ]
INFO: Run Behavior\ParseTemplateBehavior [ RunTime:0.013001s ]
INFO: [ view_parse ] --END-- [ RunTime:0.011001s ]
INFO: [ view_filter ] --START--
INFO: Run Behavior\WriteHtmlCacheBehavior [ RunTime:0.000000s ]
INFO: [ view_filter ] --END-- [ RunTime:-0.001000s ]
INFO: [ app_end ] --START--
INFO: Run Behavior\ShowPageTraceBehavior [ RunTime:0.001000s ]
INFO: [ app_end ] --END-- [ RunTime:0.001000s ]

[ 2016-09-06T20:03:47+08:00 ] 127.0.0.1 /Admin/goods/update/id/4
INFO: [ app_init ] --START--
INFO: Run Behavior\BuildLiteBehavior [ RunTime:0.000000s ]
INFO: [ app_init ] --END-- [ RunTime:0.000000s ]
INFO: [ app_begin ] --START--
INFO: Run Behavior\ReadHtmlCacheBehavior [ RunTime:0.001000s ]
INFO: [ app_begin ] --END-- [ RunTime:0.001000s ]
SQL: SHOW COLUMNS FROM `yl_config` [ RunTime:0.0080s ]
SQL: SELECT * FROM `yl_config`  [ RunTime:0.0010s ]
SQL: SHOW COLUMNS FROM `yl_group_user` [ RunTime:0.0080s ]
SQL: SELECT `uid`,`group_id`,`title`,`rules` FROM yl_group_user a INNER JOIN yl_group g on a.group_id=g.id  WHERE ( a.uid='1' and g.status='1' )  [ RunTime:0.0010s ]
SQL: SHOW COLUMNS FROM `yl_access_rule` [ RunTime:0.0080s ]
SQL: SELECT `id`,`condition`,`name` FROM `yl_access_rule` WHERE `id` IN ('1','2','7','6','5','3','14','13','12','11','10','9','8','4','17','16','15','18','21','33','32','31','30','29','28','22','35','34','93','26','47','46','45','23','38','37','36','24','41','40','39','25','44','43','42','27','50','49','48','128','19','51','55','54','53','52','58','57','56','121','123','122','94','95','102','103','96','107','106','101','105','125','127','126','99','104','20','59','62','61','60','76','79','78','77','81','84','83','82','108','109','120','119','118','110','117','116','115','111','112','113','114','63','80','64','67','66','65','68','71','70','69','72','75','74','73','85','88','87','86','89','92','91','90','124') AND `type` = 1 AND `status` = 1  [ RunTime:0.0020s ]
SQL: SHOW COLUMNS FROM `yl_goods` [ RunTime:0.0090s ]
SQL: SELECT * FROM `yl_goods` WHERE `id` = 4 LIMIT 1   [ RunTime:0.0010s ]
SQL: SHOW COLUMNS FROM `yl_goods_category` [ RunTime:0.0090s ]
SQL: SELECT gc.category_id,gc.is_primary,c.path FROM yl_goods_category gc INNER JOIN yl_category c ON gc.category_id=c.id  WHERE `goods_id` = '4'  [ RunTime:0.0020s ]
SQL: SELECT 'aa',
                GROUP_CONCAT(name ORDER BY path ASC separator '>' ) path_name
	            FROM yl_category
	            WHERE id IN(0,1,5)
	            GROUP BY 'aa'
	            LIMIT 0,1 [ RunTime:0.0010s ]
SQL: SHOW COLUMNS FROM `yl_position_goods` [ RunTime:0.0080s ]
SQL: SELECT `position_id` FROM `yl_position_goods` WHERE `goods_id` = 4  [ RunTime:0.0010s ]
SQL: SHOW COLUMNS FROM `yl_goods_gallery` [ RunTime:0.0090s ]
SQL: SELECT `url`,`title`,`sort` FROM `yl_goods_gallery` WHERE `goods_id` = 4 ORDER BY `sort` desc,`id` desc  [ RunTime:0.0020s ]
SQL: SHOW COLUMNS FROM `yl_attribute` [ RunTime:0.0080s ]
SQL: SELECT * FROM `yl_attribute` WHERE `type_id` = 2 ORDER BY `sort` DESC  [ RunTime:0.0010s ]
SQL: SHOW COLUMNS FROM `yl_goods_attr` [ RunTime:0.0100s ]
SQL: SELECT ga.* FROM yl_goods_attr ga INNER JOIN yl_goods g ON ga.goods_id=g.id  WHERE ga.goods_id = '4' AND g.goods_type_id = '2'  [ RunTime:0.0020s ]
INFO: [ view_parse ] --START--
INFO: [ template_filter ] --START--
INFO: Run Behavior\ContentReplaceBehavior [ RunTime:0.000000s ]
INFO: [ template_filter ] --END-- [ RunTime:0.000000s ]
INFO: Run Behavior\ParseTemplateBehavior [ RunTime:0.029002s ]
INFO: [ view_parse ] --END-- [ RunTime:0.029002s ]
INFO: [ view_filter ] --START--
INFO: Run Behavior\WriteHtmlCacheBehavior [ RunTime:0.001000s ]
INFO: [ view_filter ] --END-- [ RunTime:0.001000s ]
SQL: SHOW COLUMNS FROM `yl_category` [ RunTime:0.0080s ]
SQL: SHOW COLUMNS FROM `yl_brand` [ RunTime:0.0080s ]
SQL: SHOW COLUMNS FROM `yl_suppliers` [ RunTime:0.0080s ]
SQL: SHOW COLUMNS FROM `yl_goods_type` [ RunTime:0.0080s ]
SQL: SHOW COLUMNS FROM `yl_position` [ RunTime:0.0070s ]
SQL: SELECT `id`,`name`,`pid` FROM `yl_category` WHERE `status` = 1 ORDER BY `sort` DESC,`id` DESC  [ RunTime:0.0010s ]
SQL: SELECT `id`,`name` FROM `yl_brand` WHERE `status` = 1 ORDER BY `sort` DESC,`id` DESC  [ RunTime:0.0010s ]
SQL: SELECT `id`,`name` FROM `yl_suppliers` WHERE `status` = 1 ORDER BY `sort` DESC,`id` DESC  [ RunTime:0.0010s ]
SQL: SELECT `id`,`name` FROM `yl_goods_type` WHERE `status` = 1 ORDER BY `id` DESC  [ RunTime:0.0010s ]
SQL: SELECT `id`,`name` FROM `yl_position` WHERE `status` = 1 ORDER BY `sort` DESC,`id` DESC  [ RunTime:0.0010s ]
INFO: [ view_parse ] --START--
INFO: [ template_filter ] --START--
INFO: Run Behavior\ContentReplaceBehavior [ RunTime:0.001001s ]
INFO: [ template_filter ] --END-- [ RunTime:-0.082004s ]
SQL: SHOW COLUMNS FROM `yl_access_rule` [ RunTime:0.0070s ]
SQL: SELECT `id`,`condition`,`name` FROM `yl_access_rule` WHERE `id` IN ('1','2','7','6','5','3','14','13','12','11','10','9','8','4','17','16','15','18','21','33','32','31','30','29','28','22','35','34','93','26','47','46','45','23','38','37','36','24','41','40','39','25','44','43','42','27','50','49','48','128','19','51','55','54','53','52','58','57','56','121','123','122','94','95','102','103','96','107','106','101','105','125','127','126','99','104','20','59','62','61','60','76','79','78','77','81','84','83','82','108','109','120','119','118','110','117','116','115','111','112','113','114','63','80','64','67','66','65','68','71','70','69','72','75','74','73','85','88','87','86','89','92','91','90','124') AND `type` IN ('1','2') AND `status` = 1  [ RunTime:0.0010s ]
SQL: SHOW COLUMNS FROM `yl_access_rule` [ RunTime:0.0070s ]
SQL: SELECT * FROM `yl_access_rule` WHERE `status` = 1 AND `is_show` = 1 AND `name` IN ('权限管理','admin/menu/index','admin/group/index','admin/user/index','admin/menu/add','admin/menu/update','admin/menu/delete','admin/group/add','admin/group/update','admin/group/delete','admin/group/authaccess','admin/group/authuser','admin/group/authuser_add','admin/group/authuser_delete','admin/user/add','admin/user/update','admin/user/delete','商品管理','客户管理','促销管理','admin/goods/index','admin/trash/index','admin/brand/index','admin/goods_type/index','admin/attribute/index','admin/category/index','admin/position/index','admin/goods/add','admin/goods/update','admin/goods/delete','admin/goods/product_list','admin/goods/add_product','admin/goods/ajax_get_attr','admin/trash/restore','admin/trash/delete','admin/brand/add','admin/brand/update','admin/brand/delete','admin/goods_type/add','admin/goods_type/update','admin/goods_type/delete','admin/attribute/add','admin/attribute/update','admin/attribute/delete','admin/category/add','admin/category/update','admin/category/delete','admin/position/add','admin/position/update','admin/position/delete','admin/suppliers/index','admin/account_rank/index','admin/suppliers/add','admin/suppliers/update','admin/suppliers/delete','admin/account_rank/add','admin/account_rank/update','admin/account_rank/delete','admin/promotions/index','admin/promotions/add','admin/promotions/update','admin/promotions/delete','系统设置','admin/area/index','admin/area/add','admin/area/update','admin/area/delete','admin/shipping/index','admin/shipping/add','admin/shipping/update','admin/shipping/delete','admin/friend_link/index','admin/friend_link/add','admin/friend_link/update','admin/friend_link/delete','admin/coupon/index','admin/coupon/add','admin/coupon/update','admin/coupon/delete','admin/config/index','admin/ad/index','admin/ad/add','admin/ad/update','admin/ad/delete','admin/email_tpl/index','admin/email_tpl/add','admin/email_tpl/update','admin/email_tpl/delete','admin/payment/index','admin/payment/add','admin/payment/update','admin/payment/delete','admin/review/index','订单管理','admin/order/index','admin/order_unconfirm/index','admin/order_return/index','admin/order_stockup/index','admin/order/view','admin/order/cancel','admin/order_return/return_order','admin/order_stockup/edit','admin/order_unconfirm/edit','admin/order_unconfirm/confirm','资讯管理','admin/article_category/index','admin/article/index','报表管理','admin/report_site/index','admin/report_order/index','admin/report_account/index','admin/article/add','admin/article/update','admin/article/delete','admin/article_category/add','admin/article_category/update','admin/article_category/delete','admin/account/index','admin/account/update','admin/account/ajax_set_value','admin/personal/index','admin/order_send/index','admin/order_send/confirm','admin/order_send/edit','admin/search/index') ORDER BY `sort` DESC,`id` DESC  [ RunTime:0.0020s ]
INFO: [ view_parse ] --START--
INFO: [ template_filter ] --START--
INFO: Run Behavior\ContentReplaceBehavior [ RunTime:0.001000s ]
INFO: [ template_filter ] --END-- [ RunTime:-0.127007s ]
INFO: Run Behavior\ParseTemplateBehavior [ RunTime:0.011000s ]
INFO: [ view_parse ] --END-- [ RunTime:-0.114007s ]
INFO: [ view_filter ] --START--
INFO: Run Behavior\WriteHtmlCacheBehavior [ RunTime:0.000000s ]
INFO: [ view_filter ] --END-- [ RunTime:-0.125007s ]
INFO: Run Behavior\ParseTemplateBehavior [ RunTime:0.012000s ]
INFO: [ view_parse ] --END-- [ RunTime:-0.114007s ]
INFO: [ view_filter ] --START--
INFO: Run Behavior\WriteHtmlCacheBehavior [ RunTime:0.000000s ]
INFO: [ view_filter ] --END-- [ RunTime:-0.125007s ]
INFO: [ app_end ] --START--
INFO: Run Behavior\ShowPageTraceBehavior [ RunTime:0.002000s ]
INFO: [ app_end ] --END-- [ RunTime:0.002000s ]

[ 2016-09-06T20:03:48+08:00 ] 127.0.0.1 /Admin/public/ueeditor?action=config&&noCache=1473163428179
INFO: [ app_init ] --START--
INFO: Run Behavior\BuildLiteBehavior [ RunTime:0.000000s ]
INFO: [ app_init ] --END-- [ RunTime:0.001000s ]
INFO: [ app_begin ] --START--
INFO: Run Behavior\ReadHtmlCacheBehavior [ RunTime:0.001000s ]
INFO: [ app_begin ] --END-- [ RunTime:0.001000s ]

[ 2016-09-06T20:03:48+08:00 ] 127.0.0.1 /Admin/public/ueeditor?action=config&&noCache=1473163428197
INFO: [ app_init ] --START--
INFO: Run Behavior\BuildLiteBehavior [ RunTime:0.000000s ]
INFO: [ app_init ] --END-- [ RunTime:0.001000s ]
INFO: [ app_begin ] --START--
INFO: Run Behavior\ReadHtmlCacheBehavior [ RunTime:0.001000s ]
INFO: [ app_begin ] --END-- [ RunTime:0.001000s ]

[ 2016-09-06T20:03:48+08:00 ] 127.0.0.1 /Admin/public/ueeditor?action=config&&noCache=1473163428207
INFO: [ app_init ] --START--
INFO: Run Behavior\BuildLiteBehavior [ RunTime:0.000000s ]
INFO: [ app_init ] --END-- [ RunTime:0.001000s ]
INFO: [ app_begin ] --START--
INFO: Run Behavior\ReadHtmlCacheBehavior [ RunTime:0.001000s ]
INFO: [ app_begin ] --END-- [ RunTime:0.001000s ]

[ 2016-09-06T20:39:29+08:00 ] 127.0.0.1 /admin/payment/index
INFO: [ app_init ] --START--
INFO: Run Behavior\BuildLiteBehavior [ RunTime:0.000000s ]
INFO: [ app_init ] --END-- [ RunTime:0.001000s ]
INFO: [ app_begin ] --START--
INFO: Run Behavior\ReadHtmlCacheBehavior [ RunTime:0.001000s ]
INFO: [ app_begin ] --END-- [ RunTime:0.001000s ]
SQL: SHOW COLUMNS FROM `yl_config` [ RunTime:0.0200s ]
SQL: SELECT * FROM `yl_config`  [ RunTime:0.0000s ]
SQL: SHOW COLUMNS FROM `yl_group_user` [ RunTime:0.0200s ]
SQL: SELECT `uid`,`group_id`,`title`,`rules` FROM yl_group_user a INNER JOIN yl_group g on a.group_id=g.id  WHERE ( a.uid='1' and g.status='1' )  [ RunTime:0.0010s ]
SQL: SHOW COLUMNS FROM `yl_access_rule` [ RunTime:0.0230s ]
SQL: SELECT `id`,`condition`,`name` FROM `yl_access_rule` WHERE `id` IN ('1','2','7','6','5','3','14','13','12','11','10','9','8','4','17','16','15','18','21','33','32','31','30','29','28','22','35','34','93','26','47','46','45','23','38','37','36','24','41','40','39','25','44','43','42','27','50','49','48','128','19','51','55','54','53','52','58','57','56','121','123','122','94','95','102','103','96','107','106','101','105','125','127','126','99','104','20','59','62','61','60','76','79','78','77','81','84','83','82','108','109','120','119','118','110','117','116','115','111','112','113','114','63','80','64','67','66','65','68','71','70','69','72','75','74','73','85','88','87','86','89','92','91','90','124') AND `type` = 1 AND `status` = 1  [ RunTime:0.0020s ]
SQL: SHOW COLUMNS FROM `yl_payment` [ RunTime:0.0220s ]
SQL: SELECT COUNT(*) AS tp_count FROM `yl_payment` LIMIT 1   [ RunTime:0.0010s ]
SQL: SELECT * FROM `yl_payment` ORDER BY `sort` DESC,`id` DESC LIMIT 0,10   [ RunTime:0.0010s ]
INFO: [ view_parse ] --START--
INFO: [ template_filter ] --START--
INFO: Run Behavior\ContentReplaceBehavior [ RunTime:0.000000s ]
INFO: [ template_filter ] --END-- [ RunTime:0.000000s ]
SQL: SHOW COLUMNS FROM `yl_access_rule` [ RunTime:0.0230s ]
SQL: SELECT `id`,`condition`,`name` FROM `yl_access_rule` WHERE `id` IN ('1','2','7','6','5','3','14','13','12','11','10','9','8','4','17','16','15','18','21','33','32','31','30','29','28','22','35','34','93','26','47','46','45','23','38','37','36','24','41','40','39','25','44','43','42','27','50','49','48','128','19','51','55','54','53','52','58','57','56','121','123','122','94','95','102','103','96','107','106','101','105','125','127','126','99','104','20','59','62','61','60','76','79','78','77','81','84','83','82','108','109','120','119','118','110','117','116','115','111','112','113','114','63','80','64','67','66','65','68','71','70','69','72','75','74','73','85','88','87','86','89','92','91','90','124') AND `type` IN ('1','2') AND `status` = 1  [ RunTime:0.0020s ]
SQL: SHOW COLUMNS FROM `yl_access_rule` [ RunTime:0.0220s ]
SQL: SELECT * FROM `yl_access_rule` WHERE `status` = 1 AND `is_show` = 1 AND `name` IN ('权限管理','admin/menu/index','admin/group/index','admin/user/index','admin/menu/add','admin/menu/update','admin/menu/delete','admin/group/add','admin/group/update','admin/group/delete','admin/group/authaccess','admin/group/authuser','admin/group/authuser_add','admin/group/authuser_delete','admin/user/add','admin/user/update','admin/user/delete','商品管理','客户管理','促销管理','admin/goods/index','admin/trash/index','admin/brand/index','admin/goods_type/index','admin/attribute/index','admin/category/index','admin/position/index','admin/goods/add','admin/goods/update','admin/goods/delete','admin/goods/product_list','admin/goods/add_product','admin/goods/ajax_get_attr','admin/trash/restore','admin/trash/delete','admin/brand/add','admin/brand/update','admin/brand/delete','admin/goods_type/add','admin/goods_type/update','admin/goods_type/delete','admin/attribute/add','admin/attribute/update','admin/attribute/delete','admin/category/add','admin/category/update','admin/category/delete','admin/position/add','admin/position/update','admin/position/delete','admin/suppliers/index','admin/account_rank/index','admin/suppliers/add','admin/suppliers/update','admin/suppliers/delete','admin/account_rank/add','admin/account_rank/update','admin/account_rank/delete','admin/promotions/index','admin/promotions/add','admin/promotions/update','admin/promotions/delete','系统设置','admin/area/index','admin/area/add','admin/area/update','admin/area/delete','admin/shipping/index','admin/shipping/add','admin/shipping/update','admin/shipping/delete','admin/friend_link/index','admin/friend_link/add','admin/friend_link/update','admin/friend_link/delete','admin/coupon/index','admin/coupon/add','admin/coupon/update','admin/coupon/delete','admin/config/index','admin/ad/index','admin/ad/add','admin/ad/update','admin/ad/delete','admin/email_tpl/index','admin/email_tpl/add','admin/email_tpl/update','admin/email_tpl/delete','admin/payment/index','admin/payment/add','admin/payment/update','admin/payment/delete','admin/review/index','订单管理','admin/order/index','admin/order_unconfirm/index','admin/order_return/index','admin/order_stockup/index','admin/order/view','admin/order/cancel','admin/order_return/return_order','admin/order_stockup/edit','admin/order_unconfirm/edit','admin/order_unconfirm/confirm','资讯管理','admin/article_category/index','admin/article/index','报表管理','admin/report_site/index','admin/report_order/index','admin/report_account/index','admin/article/add','admin/article/update','admin/article/delete','admin/article_category/add','admin/article_category/update','admin/article_category/delete','admin/account/index','admin/account/update','admin/account/ajax_set_value','admin/personal/index','admin/order_send/index','admin/order_send/confirm','admin/order_send/edit','admin/search/index') ORDER BY `sort` DESC,`id` DESC  [ RunTime:0.0020s ]
INFO: [ view_parse ] --START--
INFO: [ template_filter ] --START--
INFO: Run Behavior\ContentReplaceBehavior [ RunTime:0.000000s ]
INFO: [ template_filter ] --END-- [ RunTime:-0.074004s ]
INFO: Run Behavior\ParseTemplateBehavior [ RunTime:0.013000s ]
INFO: [ view_parse ] --END-- [ RunTime:0.014000s ]
INFO: [ view_filter ] --START--
INFO: Run Behavior\WriteHtmlCacheBehavior [ RunTime:0.001000s ]
INFO: [ view_filter ] --END-- [ RunTime:0.001000s ]
INFO: Run Behavior\ParseTemplateBehavior [ RunTime:0.015000s ]
INFO: [ view_parse ] --END-- [ RunTime:0.014000s ]
INFO: [ view_filter ] --START--
INFO: Run Behavior\WriteHtmlCacheBehavior [ RunTime:0.000000s ]
INFO: [ view_filter ] --END-- [ RunTime:0.000000s ]
INFO: [ app_end ] --START--
INFO: Run Behavior\ShowPageTraceBehavior [ RunTime:0.002000s ]
INFO: [ app_end ] --END-- [ RunTime:0.002000s ]

[ 2016-09-06T20:39:32+08:00 ] 127.0.0.1 /Admin/payment/update/id/1
INFO: [ app_init ] --START--
INFO: Run Behavior\BuildLiteBehavior [ RunTime:0.000000s ]
INFO: [ app_init ] --END-- [ RunTime:0.000000s ]
INFO: [ app_begin ] --START--
INFO: Run Behavior\ReadHtmlCacheBehavior [ RunTime:0.001000s ]
INFO: [ app_begin ] --END-- [ RunTime:0.001000s ]
SQL: SHOW COLUMNS FROM `yl_config` [ RunTime:0.0220s ]
SQL: SELECT * FROM `yl_config`  [ RunTime:0.0010s ]
SQL: SHOW COLUMNS FROM `yl_group_user` [ RunTime:0.0220s ]
SQL: SELECT `uid`,`group_id`,`title`,`rules` FROM yl_group_user a INNER JOIN yl_group g on a.group_id=g.id  WHERE ( a.uid='1' and g.status='1' )  [ RunTime:0.0010s ]
SQL: SHOW COLUMNS FROM `yl_access_rule` [ RunTime:0.0250s ]
SQL: SELECT `id`,`condition`,`name` FROM `yl_access_rule` WHERE `id` IN ('1','2','7','6','5','3','14','13','12','11','10','9','8','4','17','16','15','18','21','33','32','31','30','29','28','22','35','34','93','26','47','46','45','23','38','37','36','24','41','40','39','25','44','43','42','27','50','49','48','128','19','51','55','54','53','52','58','57','56','121','123','122','94','95','102','103','96','107','106','101','105','125','127','126','99','104','20','59','62','61','60','76','79','78','77','81','84','83','82','108','109','120','119','118','110','117','116','115','111','112','113','114','63','80','64','67','66','65','68','71','70','69','72','75','74','73','85','88','87','86','89','92','91','90','124') AND `type` = 1 AND `status` = 1  [ RunTime:0.0010s ]
SQL: SHOW COLUMNS FROM `yl_payment` [ RunTime:0.0220s ]
SQL: SELECT * FROM `yl_payment` WHERE `id` = 1 LIMIT 1   [ RunTime:0.0010s ]
INFO: [ view_parse ] --START--
INFO: [ template_filter ] --START--
INFO: Run Behavior\ContentReplaceBehavior [ RunTime:0.000000s ]
INFO: [ template_filter ] --END-- [ RunTime:0.000000s ]
SQL: SHOW COLUMNS FROM `yl_access_rule` [ RunTime:0.0240s ]
SQL: SELECT `id`,`condition`,`name` FROM `yl_access_rule` WHERE `id` IN ('1','2','7','6','5','3','14','13','12','11','10','9','8','4','17','16','15','18','21','33','32','31','30','29','28','22','35','34','93','26','47','46','45','23','38','37','36','24','41','40','39','25','44','43','42','27','50','49','48','128','19','51','55','54','53','52','58','57','56','121','123','122','94','95','102','103','96','107','106','101','105','125','127','126','99','104','20','59','62','61','60','76','79','78','77','81','84','83','82','108','109','120','119','118','110','117','116','115','111','112','113','114','63','80','64','67','66','65','68','71','70','69','72','75','74','73','85','88','87','86','89','92','91','90','124') AND `type` IN ('1','2') AND `status` = 1  [ RunTime:0.0020s ]
SQL: SHOW COLUMNS FROM `yl_access_rule` [ RunTime:0.0220s ]
SQL: SELECT * FROM `yl_access_rule` WHERE `status` = 1 AND `is_show` = 1 AND `name` IN ('权限管理','admin/menu/index','admin/group/index','admin/user/index','admin/menu/add','admin/menu/update','admin/menu/delete','admin/group/add','admin/group/update','admin/group/delete','admin/group/authaccess','admin/group/authuser','admin/group/authuser_add','admin/group/authuser_delete','admin/user/add','admin/user/update','admin/user/delete','商品管理','客户管理','促销管理','admin/goods/index','admin/trash/index','admin/brand/index','admin/goods_type/index','admin/attribute/index','admin/category/index','admin/position/index','admin/goods/add','admin/goods/update','admin/goods/delete','admin/goods/product_list','admin/goods/add_product','admin/goods/ajax_get_attr','admin/trash/restore','admin/trash/delete','admin/brand/add','admin/brand/update','admin/brand/delete','admin/goods_type/add','admin/goods_type/update','admin/goods_type/delete','admin/attribute/add','admin/attribute/update','admin/attribute/delete','admin/category/add','admin/category/update','admin/category/delete','admin/position/add','admin/position/update','admin/position/delete','admin/suppliers/index','admin/account_rank/index','admin/suppliers/add','admin/suppliers/update','admin/suppliers/delete','admin/account_rank/add','admin/account_rank/update','admin/account_rank/delete','admin/promotions/index','admin/promotions/add','admin/promotions/update','admin/promotions/delete','系统设置','admin/area/index','admin/area/add','admin/area/update','admin/area/delete','admin/shipping/index','admin/shipping/add','admin/shipping/update','admin/shipping/delete','admin/friend_link/index','admin/friend_link/add','admin/friend_link/update','admin/friend_link/delete','admin/coupon/index','admin/coupon/add','admin/coupon/update','admin/coupon/delete','admin/config/index','admin/ad/index','admin/ad/add','admin/ad/update','admin/ad/delete','admin/email_tpl/index','admin/email_tpl/add','admin/email_tpl/update','admin/email_tpl/delete','admin/payment/index','admin/payment/add','admin/payment/update','admin/payment/delete','admin/review/index','订单管理','admin/order/index','admin/order_unconfirm/index','admin/order_return/index','admin/order_stockup/index','admin/order/view','admin/order/cancel','admin/order_return/return_order','admin/order_stockup/edit','admin/order_unconfirm/edit','admin/order_unconfirm/confirm','资讯管理','admin/article_category/index','admin/article/index','报表管理','admin/report_site/index','admin/report_order/index','admin/report_account/index','admin/article/add','admin/article/update','admin/article/delete','admin/article_category/add','admin/article_category/update','admin/article_category/delete','admin/account/index','admin/account/update','admin/account/ajax_set_value','admin/personal/index','admin/order_send/index','admin/order_send/confirm','admin/order_send/edit','admin/search/index') ORDER BY `sort` DESC,`id` DESC  [ RunTime:0.0020s ]
INFO: [ view_parse ] --START--
INFO: [ template_filter ] --START--
INFO: Run Behavior\ContentReplaceBehavior [ RunTime:0.000000s ]
INFO: [ template_filter ] --END-- [ RunTime:-0.074005s ]
INFO: Run Behavior\ParseTemplateBehavior [ RunTime:0.015001s ]
INFO: [ view_parse ] --END-- [ RunTime:0.015001s ]
INFO: [ view_filter ] --START--
INFO: Run Behavior\WriteHtmlCacheBehavior [ RunTime:0.001000s ]
INFO: [ view_filter ] --END-- [ RunTime:0.001000s ]
INFO: Run Behavior\ParseTemplateBehavior [ RunTime:0.016001s ]
INFO: [ view_parse ] --END-- [ RunTime:0.015001s ]
INFO: [ view_filter ] --START--
INFO: Run Behavior\WriteHtmlCacheBehavior [ RunTime:0.000000s ]
INFO: [ view_filter ] --END-- [ RunTime:0.000000s ]
INFO: [ app_end ] --START--
INFO: Run Behavior\ShowPageTraceBehavior [ RunTime:0.002000s ]
INFO: [ app_end ] --END-- [ RunTime:0.002000s ]

[ 2016-09-06T20:39:33+08:00 ] 127.0.0.1 /Admin/public/ueeditor?action=config&&noCache=1473165573722
INFO: [ app_init ] --START--
INFO: Run Behavior\BuildLiteBehavior [ RunTime:0.000000s ]
INFO: [ app_init ] --END-- [ RunTime:0.001000s ]
INFO: [ app_begin ] --START--
INFO: Run Behavior\ReadHtmlCacheBehavior [ RunTime:0.001000s ]
INFO: [ app_begin ] --END-- [ RunTime:0.001000s ]

[ 2016-09-06T20:39:57+08:00 ] 127.0.0.1 /Admin/payment/update/id/1
INFO: [ app_init ] --START--
INFO: Run Behavior\BuildLiteBehavior [ RunTime:0.000000s ]
INFO: [ app_init ] --END-- [ RunTime:0.000000s ]
INFO: [ app_begin ] --START--
INFO: Run Behavior\ReadHtmlCacheBehavior [ RunTime:0.001000s ]
INFO: [ app_begin ] --END-- [ RunTime:0.001000s ]
SQL: SHOW COLUMNS FROM `yl_config` [ RunTime:0.0210s ]
SQL: SELECT * FROM `yl_config`  [ RunTime:0.0000s ]
SQL: SHOW COLUMNS FROM `yl_group_user` [ RunTime:0.0230s ]
SQL: SELECT `uid`,`group_id`,`title`,`rules` FROM yl_group_user a INNER JOIN yl_group g on a.group_id=g.id  WHERE ( a.uid='1' and g.status='1' )  [ RunTime:0.0010s ]
SQL: SHOW COLUMNS FROM `yl_access_rule` [ RunTime:0.0230s ]
SQL: SELECT `id`,`condition`,`name` FROM `yl_access_rule` WHERE `id` IN ('1','2','7','6','5','3','14','13','12','11','10','9','8','4','17','16','15','18','21','33','32','31','30','29','28','22','35','34','93','26','47','46','45','23','38','37','36','24','41','40','39','25','44','43','42','27','50','49','48','128','19','51','55','54','53','52','58','57','56','121','123','122','94','95','102','103','96','107','106','101','105','125','127','126','99','104','20','59','62','61','60','76','79','78','77','81','84','83','82','108','109','120','119','118','110','117','116','115','111','112','113','114','63','80','64','67','66','65','68','71','70','69','72','75','74','73','85','88','87','86','89','92','91','90','124') AND `type` = 1 AND `status` = 1  [ RunTime:0.0020s ]
SQL: SHOW COLUMNS FROM `yl_payment` [ RunTime:0.0230s ]
SQL: SELECT COUNT(name) AS tp_count FROM `yl_payment` WHERE `id` <> '1' AND `name` = '支付宝' LIMIT 1   [ RunTime:0.0010s ]
SQL: SELECT COUNT(code) AS tp_count FROM `yl_payment` WHERE `id` <> '1' AND `code` = 'alipay' LIMIT 1   [ RunTime:0.0010s ]
NOTIC: [8] Undefined index: validate D:\www\ylshop\ThinkPHP\Library\Think\Model.class.php 第 1187 行.
NOTIC: [8] Undefined index: auto D:\www\ylshop\ThinkPHP\Library\Think\Model.class.php 第 1130 行.
SQL: UPDATE `yl_payment` SET `name`='支付宝',`code`='alipay',`email`='umaies@163.com',`key`='h3m0gyw48oz4achcesp9eiq6yzy2m2hp',`partner`='2088121858192807',`logo`='/Uploads/images/20151226/567e1e1b2e1fc.png',`description`='',`sort`='1',`status`='1',`is_online`='1' WHERE `id` = 1 [ RunTime:0.0050s ]

[ 2016-09-06T20:39:57+08:00 ] 127.0.0.1 /admin/payment/index
INFO: [ app_init ] --START--
INFO: Run Behavior\BuildLiteBehavior [ RunTime:0.000000s ]
INFO: [ app_init ] --END-- [ RunTime:0.001000s ]
INFO: [ app_begin ] --START--
INFO: Run Behavior\ReadHtmlCacheBehavior [ RunTime:0.001000s ]
INFO: [ app_begin ] --END-- [ RunTime:0.001000s ]
SQL: SHOW COLUMNS FROM `yl_config` [ RunTime:0.0220s ]
SQL: SELECT * FROM `yl_config`  [ RunTime:0.0010s ]
SQL: SHOW COLUMNS FROM `yl_group_user` [ RunTime:0.0220s ]
SQL: SELECT `uid`,`group_id`,`title`,`rules` FROM yl_group_user a INNER JOIN yl_group g on a.group_id=g.id  WHERE ( a.uid='1' and g.status='1' )  [ RunTime:0.0010s ]
SQL: SHOW COLUMNS FROM `yl_access_rule` [ RunTime:0.0210s ]
SQL: SELECT `id`,`condition`,`name` FROM `yl_access_rule` WHERE `id` IN ('1','2','7','6','5','3','14','13','12','11','10','9','8','4','17','16','15','18','21','33','32','31','30','29','28','22','35','34','93','26','47','46','45','23','38','37','36','24','41','40','39','25','44','43','42','27','50','49','48','128','19','51','55','54','53','52','58','57','56','121','123','122','94','95','102','103','96','107','106','101','105','125','127','126','99','104','20','59','62','61','60','76','79','78','77','81','84','83','82','108','109','120','119','118','110','117','116','115','111','112','113','114','63','80','64','67','66','65','68','71','70','69','72','75','74','73','85','88','87','86','89','92','91','90','124') AND `type` = 1 AND `status` = 1  [ RunTime:0.0020s ]
SQL: SHOW COLUMNS FROM `yl_payment` [ RunTime:0.0230s ]
SQL: SELECT COUNT(*) AS tp_count FROM `yl_payment` LIMIT 1   [ RunTime:0.0000s ]
SQL: SELECT * FROM `yl_payment` ORDER BY `sort` DESC,`id` DESC LIMIT 0,10   [ RunTime:0.0010s ]
INFO: [ view_parse ] --START--
INFO: [ template_filter ] --START--
INFO: Run Behavior\ContentReplaceBehavior [ RunTime:0.000000s ]
INFO: [ template_filter ] --END-- [ RunTime:0.000000s ]
SQL: SHOW COLUMNS FROM `yl_access_rule` [ RunTime:0.0230s ]
SQL: SELECT `id`,`condition`,`name` FROM `yl_access_rule` WHERE `id` IN ('1','2','7','6','5','3','14','13','12','11','10','9','8','4','17','16','15','18','21','33','32','31','30','29','28','22','35','34','93','26','47','46','45','23','38','37','36','24','41','40','39','25','44','43','42','27','50','49','48','128','19','51','55','54','53','52','58','57','56','121','123','122','94','95','102','103','96','107','106','101','105','125','127','126','99','104','20','59','62','61','60','76','79','78','77','81','84','83','82','108','109','120','119','118','110','117','116','115','111','112','113','114','63','80','64','67','66','65','68','71','70','69','72','75','74','73','85','88','87','86','89','92','91','90','124') AND `type` IN ('1','2') AND `status` = 1  [ RunTime:0.0020s ]
SQL: SHOW COLUMNS FROM `yl_access_rule` [ RunTime:0.0230s ]
SQL: SELECT * FROM `yl_access_rule` WHERE `status` = 1 AND `is_show` = 1 AND `name` IN ('权限管理','admin/menu/index','admin/group/index','admin/user/index','admin/menu/add','admin/menu/update','admin/menu/delete','admin/group/add','admin/group/update','admin/group/delete','admin/group/authaccess','admin/group/authuser','admin/group/authuser_add','admin/group/authuser_delete','admin/user/add','admin/user/update','admin/user/delete','商品管理','客户管理','促销管理','admin/goods/index','admin/trash/index','admin/brand/index','admin/goods_type/index','admin/attribute/index','admin/category/index','admin/position/index','admin/goods/add','admin/goods/update','admin/goods/delete','admin/goods/product_list','admin/goods/add_product','admin/goods/ajax_get_attr','admin/trash/restore','admin/trash/delete','admin/brand/add','admin/brand/update','admin/brand/delete','admin/goods_type/add','admin/goods_type/update','admin/goods_type/delete','admin/attribute/add','admin/attribute/update','admin/attribute/delete','admin/category/add','admin/category/update','admin/category/delete','admin/position/add','admin/position/update','admin/position/delete','admin/suppliers/index','admin/account_rank/index','admin/suppliers/add','admin/suppliers/update','admin/suppliers/delete','admin/account_rank/add','admin/account_rank/update','admin/account_rank/delete','admin/promotions/index','admin/promotions/add','admin/promotions/update','admin/promotions/delete','系统设置','admin/area/index','admin/area/add','admin/area/update','admin/area/delete','admin/shipping/index','admin/shipping/add','admin/shipping/update','admin/shipping/delete','admin/friend_link/index','admin/friend_link/add','admin/friend_link/update','admin/friend_link/delete','admin/coupon/index','admin/coupon/add','admin/coupon/update','admin/coupon/delete','admin/config/index','admin/ad/index','admin/ad/add','admin/ad/update','admin/ad/delete','admin/email_tpl/index','admin/email_tpl/add','admin/email_tpl/update','admin/email_tpl/delete','admin/payment/index','admin/payment/add','admin/payment/update','admin/payment/delete','admin/review/index','订单管理','admin/order/index','admin/order_unconfirm/index','admin/order_return/index','admin/order_stockup/index','admin/order/view','admin/order/cancel','admin/order_return/return_order','admin/order_stockup/edit','admin/order_unconfirm/edit','admin/order_unconfirm/confirm','资讯管理','admin/article_category/index','admin/article/index','报表管理','admin/report_site/index','admin/report_order/index','admin/report_account/index','admin/article/add','admin/article/update','admin/article/delete','admin/article_category/add','admin/article_category/update','admin/article_category/delete','admin/account/index','admin/account/update','admin/account/ajax_set_value','admin/personal/index','admin/order_send/index','admin/order_send/confirm','admin/order_send/edit','admin/search/index') ORDER BY `sort` DESC,`id` DESC  [ RunTime:0.0020s ]
INFO: [ view_parse ] --START--
INFO: [ template_filter ] --START--
INFO: Run Behavior\ContentReplaceBehavior [ RunTime:0.000000s ]
INFO: [ template_filter ] --END-- [ RunTime:-0.070004s ]
INFO: Run Behavior\ParseTemplateBehavior [ RunTime:0.012001s ]
INFO: [ view_parse ] --END-- [ RunTime:0.012001s ]
INFO: [ view_filter ] --START--
INFO: Run Behavior\WriteHtmlCacheBehavior [ RunTime:0.001000s ]
INFO: [ view_filter ] --END-- [ RunTime:0.001000s ]
INFO: Run Behavior\ParseTemplateBehavior [ RunTime:0.014001s ]
INFO: [ view_parse ] --END-- [ RunTime:0.012001s ]
INFO: [ view_filter ] --START--
INFO: Run Behavior\WriteHtmlCacheBehavior [ RunTime:0.000000s ]
INFO: [ view_filter ] --END-- [ RunTime:-0.001000s ]
INFO: [ app_end ] --START--
INFO: Run Behavior\ShowPageTraceBehavior [ RunTime:0.001000s ]
INFO: [ app_end ] --END-- [ RunTime:0.001000s ]

[ 2016-09-06T20:40:20+08:00 ] 127.0.0.1 /Admin/payment/update/id/1
INFO: [ app_init ] --START--
INFO: Run Behavior\BuildLiteBehavior [ RunTime:0.000000s ]
INFO: [ app_init ] --END-- [ RunTime:0.000000s ]
INFO: [ app_begin ] --START--
INFO: Run Behavior\ReadHtmlCacheBehavior [ RunTime:0.002000s ]
INFO: [ app_begin ] --END-- [ RunTime:0.002000s ]
SQL: SHOW COLUMNS FROM `yl_config` [ RunTime:0.0070s ]
SQL: SELECT * FROM `yl_config`  [ RunTime:0.0010s ]
SQL: SHOW COLUMNS FROM `yl_group_user` [ RunTime:0.0080s ]
SQL: SELECT `uid`,`group_id`,`title`,`rules` FROM yl_group_user a INNER JOIN yl_group g on a.group_id=g.id  WHERE ( a.uid='1' and g.status='1' )  [ RunTime:0.0010s ]
SQL: SHOW COLUMNS FROM `yl_access_rule` [ RunTime:0.0070s ]
SQL: SELECT `id`,`condition`,`name` FROM `yl_access_rule` WHERE `id` IN ('1','2','7','6','5','3','14','13','12','11','10','9','8','4','17','16','15','18','21','33','32','31','30','29','28','22','35','34','93','26','47','46','45','23','38','37','36','24','41','40','39','25','44','43','42','27','50','49','48','128','19','51','55','54','53','52','58','57','56','121','123','122','94','95','102','103','96','107','106','101','105','125','127','126','99','104','20','59','62','61','60','76','79','78','77','81','84','83','82','108','109','120','119','118','110','117','116','115','111','112','113','114','63','80','64','67','66','65','68','71','70','69','72','75','74','73','85','88','87','86','89','92','91','90','124') AND `type` = 1 AND `status` = 1  [ RunTime:0.0020s ]
SQL: SHOW COLUMNS FROM `yl_payment` [ RunTime:0.0100s ]
SQL: SELECT * FROM `yl_payment` WHERE `id` = 1 LIMIT 1   [ RunTime:0.0010s ]
INFO: [ view_parse ] --START--
INFO: [ template_filter ] --START--
INFO: Run Behavior\ContentReplaceBehavior [ RunTime:0.000000s ]
INFO: [ template_filter ] --END-- [ RunTime:0.000000s ]
SQL: SHOW COLUMNS FROM `yl_access_rule` [ RunTime:0.0080s ]
SQL: SELECT `id`,`condition`,`name` FROM `yl_access_rule` WHERE `id` IN ('1','2','7','6','5','3','14','13','12','11','10','9','8','4','17','16','15','18','21','33','32','31','30','29','28','22','35','34','93','26','47','46','45','23','38','37','36','24','41','40','39','25','44','43','42','27','50','49','48','128','19','51','55','54','53','52','58','57','56','121','123','122','94','95','102','103','96','107','106','101','105','125','127','126','99','104','20','59','62','61','60','76','79','78','77','81','84','83','82','108','109','120','119','118','110','117','116','115','111','112','113','114','63','80','64','67','66','65','68','71','70','69','72','75','74','73','85','88','87','86','89','92','91','90','124') AND `type` IN ('1','2') AND `status` = 1  [ RunTime:0.0020s ]
SQL: SHOW COLUMNS FROM `yl_access_rule` [ RunTime:0.0080s ]
SQL: SELECT * FROM `yl_access_rule` WHERE `status` = 1 AND `is_show` = 1 AND `name` IN ('权限管理','admin/menu/index','admin/group/index','admin/user/index','admin/menu/add','admin/menu/update','admin/menu/delete','admin/group/add','admin/group/update','admin/group/delete','admin/group/authaccess','admin/group/authuser','admin/group/authuser_add','admin/group/authuser_delete','admin/user/add','admin/user/update','admin/user/delete','商品管理','客户管理','促销管理','admin/goods/index','admin/trash/index','admin/brand/index','admin/goods_type/index','admin/attribute/index','admin/category/index','admin/position/index','admin/goods/add','admin/goods/update','admin/goods/delete','admin/goods/product_list','admin/goods/add_product','admin/goods/ajax_get_attr','admin/trash/restore','admin/trash/delete','admin/brand/add','admin/brand/update','admin/brand/delete','admin/goods_type/add','admin/goods_type/update','admin/goods_type/delete','admin/attribute/add','admin/attribute/update','admin/attribute/delete','admin/category/add','admin/category/update','admin/category/delete','admin/position/add','admin/position/update','admin/position/delete','admin/suppliers/index','admin/account_rank/index','admin/suppliers/add','admin/suppliers/update','admin/suppliers/delete','admin/account_rank/add','admin/account_rank/update','admin/account_rank/delete','admin/promotions/index','admin/promotions/add','admin/promotions/update','admin/promotions/delete','系统设置','admin/area/index','admin/area/add','admin/area/update','admin/area/delete','admin/shipping/index','admin/shipping/add','admin/shipping/update','admin/shipping/delete','admin/friend_link/index','admin/friend_link/add','admin/friend_link/update','admin/friend_link/delete','admin/coupon/index','admin/coupon/add','admin/coupon/update','admin/coupon/delete','admin/config/index','admin/ad/index','admin/ad/add','admin/ad/update','admin/ad/delete','admin/email_tpl/index','admin/email_tpl/add','admin/email_tpl/update','admin/email_tpl/delete','admin/payment/index','admin/payment/add','admin/payment/update','admin/payment/delete','admin/review/index','订单管理','admin/order/index','admin/order_unconfirm/index','admin/order_return/index','admin/order_stockup/index','admin/order/view','admin/order/cancel','admin/order_return/return_order','admin/order_stockup/edit','admin/order_unconfirm/edit','admin/order_unconfirm/confirm','资讯管理','admin/article_category/index','admin/article/index','报表管理','admin/report_site/index','admin/report_order/index','admin/report_account/index','admin/article/add','admin/article/update','admin/article/delete','admin/article_category/add','admin/article_category/update','admin/article_category/delete','admin/account/index','admin/account/update','admin/account/ajax_set_value','admin/personal/index','admin/order_send/index','admin/order_send/confirm','admin/order_send/edit','admin/search/index') ORDER BY `sort` DESC,`id` DESC  [ RunTime:0.0020s ]
INFO: [ view_parse ] --START--
INFO: [ template_filter ] --START--
INFO: Run Behavior\ContentReplaceBehavior [ RunTime:0.000000s ]
INFO: [ template_filter ] --END-- [ RunTime:-0.040003s ]
INFO: Run Behavior\ParseTemplateBehavior [ RunTime:0.011001s ]
INFO: [ view_parse ] --END-- [ RunTime:0.011001s ]
INFO: [ view_filter ] --START--
INFO: Run Behavior\WriteHtmlCacheBehavior [ RunTime:0.001000s ]
INFO: [ view_filter ] --END-- [ RunTime:0.001000s ]
INFO: Run Behavior\ParseTemplateBehavior [ RunTime:0.012001s ]
INFO: [ view_parse ] --END-- [ RunTime:0.011001s ]
INFO: [ view_filter ] --START--
INFO: Run Behavior\WriteHtmlCacheBehavior [ RunTime:0.000000s ]
INFO: [ view_filter ] --END-- [ RunTime:0.000000s ]
INFO: [ app_end ] --START--
INFO: Run Behavior\ShowPageTraceBehavior [ RunTime:0.002000s ]
INFO: [ app_end ] --END-- [ RunTime:0.002000s ]

[ 2016-09-06T20:40:21+08:00 ] 127.0.0.1 /Admin/public/ueeditor?action=config&&noCache=1473165621027
INFO: [ app_init ] --START--
INFO: Run Behavior\BuildLiteBehavior [ RunTime:0.000000s ]
INFO: [ app_init ] --END-- [ RunTime:0.001000s ]
INFO: [ app_begin ] --START--
INFO: Run Behavior\ReadHtmlCacheBehavior [ RunTime:0.001000s ]
INFO: [ app_begin ] --END-- [ RunTime:0.001000s ]

[ 2016-09-06T20:40:34+08:00 ] 127.0.0.1 /Admin/payment/update/id/1
INFO: [ app_init ] --START--
INFO: Run Behavior\BuildLiteBehavior [ RunTime:0.000000s ]
INFO: [ app_init ] --END-- [ RunTime:0.001000s ]
INFO: [ app_begin ] --START--
INFO: Run Behavior\ReadHtmlCacheBehavior [ RunTime:0.001000s ]
INFO: [ app_begin ] --END-- [ RunTime:0.001000s ]
SQL: SHOW COLUMNS FROM `yl_config` [ RunTime:0.0090s ]
SQL: SELECT * FROM `yl_config`  [ RunTime:0.0020s ]
SQL: SHOW COLUMNS FROM `yl_group_user` [ RunTime:0.0090s ]
SQL: SELECT `uid`,`group_id`,`title`,`rules` FROM yl_group_user a INNER JOIN yl_group g on a.group_id=g.id  WHERE ( a.uid='1' and g.status='1' )  [ RunTime:0.0010s ]
SQL: SHOW COLUMNS FROM `yl_access_rule` [ RunTime:0.0100s ]
SQL: SELECT `id`,`condition`,`name` FROM `yl_access_rule` WHERE `id` IN ('1','2','7','6','5','3','14','13','12','11','10','9','8','4','17','16','15','18','21','33','32','31','30','29','28','22','35','34','93','26','47','46','45','23','38','37','36','24','41','40','39','25','44','43','42','27','50','49','48','128','19','51','55','54','53','52','58','57','56','121','123','122','94','95','102','103','96','107','106','101','105','125','127','126','99','104','20','59','62','61','60','76','79','78','77','81','84','83','82','108','109','120','119','118','110','117','116','115','111','112','113','114','63','80','64','67','66','65','68','71','70','69','72','75','74','73','85','88','87','86','89','92','91','90','124') AND `type` = 1 AND `status` = 1  [ RunTime:0.0020s ]
SQL: SHOW COLUMNS FROM `yl_payment` [ RunTime:0.0090s ]
SQL: SELECT COUNT(name) AS tp_count FROM `yl_payment` WHERE `id` <> '1' AND `name` = '支付宝' LIMIT 1   [ RunTime:0.0010s ]
SQL: SELECT COUNT(code) AS tp_count FROM `yl_payment` WHERE `id` <> '1' AND `code` = 'alipay' LIMIT 1   [ RunTime:0.0010s ]
NOTIC: [8] Undefined index: validate D:\www\ylshop\ThinkPHP\Library\Think\Model.class.php 第 1187 行.
NOTIC: [8] Undefined index: auto D:\www\ylshop\ThinkPHP\Library\Think\Model.class.php 第 1130 行.
SQL: UPDATE `yl_payment` SET `name`='支付宝',`code`='alipay',`email`='umaies@163.com',`key`='2088121858192807',`partner`='h3m0gyw48oz4achcesp9eiq6yzy2m2hp',`logo`='/Uploads/images/20151226/567e1e1b2e1fc.png',`description`='',`sort`='1',`status`='1',`is_online`='1' WHERE `id` = 1 [ RunTime:0.0040s ]

[ 2016-09-06T20:40:34+08:00 ] 127.0.0.1 /admin/payment/index
INFO: [ app_init ] --START--
INFO: Run Behavior\BuildLiteBehavior [ RunTime:0.000000s ]
INFO: [ app_init ] --END-- [ RunTime:0.001000s ]
INFO: [ app_begin ] --START--
INFO: Run Behavior\ReadHtmlCacheBehavior [ RunTime:0.001000s ]
INFO: [ app_begin ] --END-- [ RunTime:0.001000s ]
SQL: SHOW COLUMNS FROM `yl_config` [ RunTime:0.0060s ]
SQL: SELECT * FROM `yl_config`  [ RunTime:0.0010s ]
SQL: SHOW COLUMNS FROM `yl_group_user` [ RunTime:0.0070s ]
SQL: SELECT `uid`,`group_id`,`title`,`rules` FROM yl_group_user a INNER JOIN yl_group g on a.group_id=g.id  WHERE ( a.uid='1' and g.status='1' )  [ RunTime:0.0010s ]
SQL: SHOW COLUMNS FROM `yl_access_rule` [ RunTime:0.0110s ]
SQL: SELECT `id`,`condition`,`name` FROM `yl_access_rule` WHERE `id` IN ('1','2','7','6','5','3','14','13','12','11','10','9','8','4','17','16','15','18','21','33','32','31','30','29','28','22','35','34','93','26','47','46','45','23','38','37','36','24','41','40','39','25','44','43','42','27','50','49','48','128','19','51','55','54','53','52','58','57','56','121','123','122','94','95','102','103','96','107','106','101','105','125','127','126','99','104','20','59','62','61','60','76','79','78','77','81','84','83','82','108','109','120','119','118','110','117','116','115','111','112','113','114','63','80','64','67','66','65','68','71','70','69','72','75','74','73','85','88','87','86','89','92','91','90','124') AND `type` = 1 AND `status` = 1  [ RunTime:0.0010s ]
SQL: SHOW COLUMNS FROM `yl_payment` [ RunTime:0.0080s ]
SQL: SELECT COUNT(*) AS tp_count FROM `yl_payment` LIMIT 1   [ RunTime:0.0000s ]
SQL: SELECT * FROM `yl_payment` ORDER BY `sort` DESC,`id` DESC LIMIT 0,10   [ RunTime:0.0010s ]
INFO: [ view_parse ] --START--
INFO: [ template_filter ] --START--
INFO: Run Behavior\ContentReplaceBehavior [ RunTime:0.000000s ]
INFO: [ template_filter ] --END-- [ RunTime:0.000000s ]
SQL: SHOW COLUMNS FROM `yl_access_rule` [ RunTime:0.0080s ]
SQL: SELECT `id`,`condition`,`name` FROM `yl_access_rule` WHERE `id` IN ('1','2','7','6','5','3','14','13','12','11','10','9','8','4','17','16','15','18','21','33','32','31','30','29','28','22','35','34','93','26','47','46','45','23','38','37','36','24','41','40','39','25','44','43','42','27','50','49','48','128','19','51','55','54','53','52','58','57','56','121','123','122','94','95','102','103','96','107','106','101','105','125','127','126','99','104','20','59','62','61','60','76','79','78','77','81','84','83','82','108','109','120','119','118','110','117','116','115','111','112','113','114','63','80','64','67','66','65','68','71','70','69','72','75','74','73','85','88','87','86','89','92','91','90','124') AND `type` IN ('1','2') AND `status` = 1  [ RunTime:0.0020s ]
SQL: SHOW COLUMNS FROM `yl_access_rule` [ RunTime:0.0080s ]
SQL: SELECT * FROM `yl_access_rule` WHERE `status` = 1 AND `is_show` = 1 AND `name` IN ('权限管理','admin/menu/index','admin/group/index','admin/user/index','admin/menu/add','admin/menu/update','admin/menu/delete','admin/group/add','admin/group/update','admin/group/delete','admin/group/authaccess','admin/group/authuser','admin/group/authuser_add','admin/group/authuser_delete','admin/user/add','admin/user/update','admin/user/delete','商品管理','客户管理','促销管理','admin/goods/index','admin/trash/index','admin/brand/index','admin/goods_type/index','admin/attribute/index','admin/category/index','admin/position/index','admin/goods/add','admin/goods/update','admin/goods/delete','admin/goods/product_list','admin/goods/add_product','admin/goods/ajax_get_attr','admin/trash/restore','admin/trash/delete','admin/brand/add','admin/brand/update','admin/brand/delete','admin/goods_type/add','admin/goods_type/update','admin/goods_type/delete','admin/attribute/add','admin/attribute/update','admin/attribute/delete','admin/category/add','admin/category/update','admin/category/delete','admin/position/add','admin/position/update','admin/position/delete','admin/suppliers/index','admin/account_rank/index','admin/suppliers/add','admin/suppliers/update','admin/suppliers/delete','admin/account_rank/add','admin/account_rank/update','admin/account_rank/delete','admin/promotions/index','admin/promotions/add','admin/promotions/update','admin/promotions/delete','系统设置','admin/area/index','admin/area/add','admin/area/update','admin/area/delete','admin/shipping/index','admin/shipping/add','admin/shipping/update','admin/shipping/delete','admin/friend_link/index','admin/friend_link/add','admin/friend_link/update','admin/friend_link/delete','admin/coupon/index','admin/coupon/add','admin/coupon/update','admin/coupon/delete','admin/config/index','admin/ad/index','admin/ad/add','admin/ad/update','admin/ad/delete','admin/email_tpl/index','admin/email_tpl/add','admin/email_tpl/update','admin/email_tpl/delete','admin/payment/index','admin/payment/add','admin/payment/update','admin/payment/delete','admin/review/index','订单管理','admin/order/index','admin/order_unconfirm/index','admin/order_return/index','admin/order_stockup/index','admin/order/view','admin/order/cancel','admin/order_return/return_order','admin/order_stockup/edit','admin/order_unconfirm/edit','admin/order_unconfirm/confirm','资讯管理','admin/article_category/index','admin/article/index','报表管理','admin/report_site/index','admin/report_order/index','admin/report_account/index','admin/article/add','admin/article/update','admin/article/delete','admin/article_category/add','admin/article_category/update','admin/article_category/delete','admin/account/index','admin/account/update','admin/account/ajax_set_value','admin/personal/index','admin/order_send/index','admin/order_send/confirm','admin/order_send/edit','admin/search/index') ORDER BY `sort` DESC,`id` DESC  [ RunTime:0.0030s ]
INFO: [ view_parse ] --START--
INFO: [ template_filter ] --START--
INFO: Run Behavior\ContentReplaceBehavior [ RunTime:0.000000s ]
INFO: [ template_filter ] --END-- [ RunTime:-0.040002s ]
INFO: Run Behavior\ParseTemplateBehavior [ RunTime:0.011000s ]
INFO: [ view_parse ] --END-- [ RunTime:0.011000s ]
INFO: [ view_filter ] --START--
INFO: Run Behavior\WriteHtmlCacheBehavior [ RunTime:0.001001s ]
INFO: [ view_filter ] --END-- [ RunTime:0.001001s ]
INFO: Run Behavior\ParseTemplateBehavior [ RunTime:0.012001s ]
INFO: [ view_parse ] --END-- [ RunTime:0.011000s ]
INFO: [ view_filter ] --START--
INFO: Run Behavior\WriteHtmlCacheBehavior [ RunTime:0.000000s ]
INFO: [ view_filter ] --END-- [ RunTime:0.000000s ]
INFO: [ app_end ] --START--
INFO: Run Behavior\ShowPageTraceBehavior [ RunTime:0.001000s ]
INFO: [ app_end ] --END-- [ RunTime:0.002000s ]

