[ 2016-09-21T07:24:45+08:00 ] 127.0.0.1 /admin/
INFO: [ app_init ] --START--
INFO: Run Behavior\BuildLiteBehavior [ RunTime:0.000000s ]
INFO: [ app_init ] --END-- [ RunTime:0.000000s ]
INFO: [ app_begin ] --START--
INFO: Run Behavior\ReadHtmlCacheBehavior [ RunTime:0.000000s ]
INFO: [ app_begin ] --END-- [ RunTime:0.000000s ]

[ 2016-09-21T07:24:45+08:00 ] 127.0.0.1 /Admin/login/index
INFO: [ app_init ] --START--
INFO: Run Behavior\BuildLiteBehavior [ RunTime:0.000000s ]
INFO: [ app_init ] --END-- [ RunTime:0.000000s ]
INFO: [ app_begin ] --START--
INFO: Run Behavior\ReadHtmlCacheBehavior [ RunTime:0.000000s ]
INFO: [ app_begin ] --END-- [ RunTime:0.000000s ]
SQL: SHOW COLUMNS FROM `yl_admin_user` [ RunTime:0.0156s ]
SQL: SHOW COLUMNS FROM `yl_admin_user_login` [ RunTime:0.0156s ]
INFO: [ view_parse ] --START--
INFO: [ template_filter ] --START--
INFO: Run Behavior\ContentReplaceBehavior [ RunTime:0.000000s ]
INFO: [ template_filter ] --END-- [ RunTime:0.000000s ]
INFO: Run Behavior\ParseTemplateBehavior [ RunTime:0.015600s ]
INFO: [ view_parse ] --END-- [ RunTime:0.015600s ]
INFO: [ view_filter ] --START--
INFO: Run Behavior\WriteHtmlCacheBehavior [ RunTime:0.000000s ]
INFO: [ view_filter ] --END-- [ RunTime:0.000000s ]
INFO: [ app_end ] --START--
INFO: Run Behavior\ShowPageTraceBehavior [ RunTime:0.000000s ]
INFO: [ app_end ] --END-- [ RunTime:0.000000s ]

[ 2016-09-21T07:24:49+08:00 ] 127.0.0.1 /Admin/login/index
INFO: [ app_init ] --START--
INFO: Run Behavior\BuildLiteBehavior [ RunTime:0.000000s ]
INFO: [ app_init ] --END-- [ RunTime:0.000000s ]
INFO: [ app_begin ] --START--
INFO: Run Behavior\ReadHtmlCacheBehavior [ RunTime:0.000000s ]
INFO: [ app_begin ] --END-- [ RunTime:0.000000s ]
SQL: SHOW COLUMNS FROM `yl_admin_user` [ RunTime:0.0000s ]
SQL: SHOW COLUMNS FROM `yl_admin_user_login` [ RunTime:0.0156s ]
SQL: SELECT aul.error_total
                FROM yl_admin_user_login aul
                WHERE aul.name='admin' AND aul.date_added = 1474387200
                LIMIT 0,1 [ RunTime:0.0000s ]
SQL: SELECT * FROM `yl_admin_user` WHERE `name` = 'admin' AND `status` = 1 LIMIT 1   [ RunTime:0.0000s ]
SQL: SHOW COLUMNS FROM `yl_admin_user_activity` [ RunTime:0.0156s ]
SQL: INSERT INTO `yl_admin_user_activity` (`user_id`,`key`,`ip`,`date_added`) VALUES ('1','login','127.0.0.1','1474413889') [ RunTime:0.0000s ]
SQL: UPDATE `yl_admin_user_login` SET `error_total`='0',`ip`='127.0.0.1',`date_modified`='1474413889' WHERE `name` = 'admin' AND `date_added` = 1474387200 [ RunTime:0.0000s ]

[ 2016-09-21T07:24:50+08:00 ] 127.0.0.1 /Admin/index/index
INFO: [ app_init ] --START--
INFO: Run Behavior\BuildLiteBehavior [ RunTime:0.000000s ]
INFO: [ app_init ] --END-- [ RunTime:0.000000s ]
INFO: [ app_begin ] --START--
INFO: Run Behavior\ReadHtmlCacheBehavior [ RunTime:0.015600s ]
INFO: [ app_begin ] --END-- [ RunTime:0.015600s ]
SQL: SHOW COLUMNS FROM `yl_config` [ RunTime:0.0000s ]
SQL: SELECT * FROM `yl_config`  [ RunTime:0.0000s ]
SQL: SHOW COLUMNS FROM `yl_group_user` [ RunTime:0.0156s ]
SQL: SELECT `uid`,`group_id`,`title`,`rules` FROM yl_group_user a INNER JOIN yl_group g on a.group_id=g.id  WHERE ( a.uid='1' and g.status='1' )  [ RunTime:0.0000s ]
SQL: SHOW COLUMNS FROM `yl_access_rule` [ RunTime:0.0000s ]
SQL: SELECT `id`,`condition`,`name` FROM `yl_access_rule` WHERE `id` IN ('1','2','7','6','5','3','14','13','12','11','10','9','8','4','17','16','15','18','21','33','32','31','30','29','28','22','35','34','93','26','47','46','45','23','38','37','36','24','41','40','39','25','44','43','42','27','50','49','48','128','19','51','55','54','53','52','58','57','56','121','123','122','94','95','102','103','96','107','106','101','105','125','127','126','99','104','20','59','62','61','60','76','79','78','77','81','84','83','82','108','109','120','119','118','110','117','116','115','111','112','113','114','63','80','64','67','66','65','68','71','70','69','72','75','74','73','85','88','87','86','89','92','91','90','124') AND `type` = 1 AND `status` = 1  [ RunTime:0.0156s ]
SQL: SHOW COLUMNS FROM `yl_access_rule` [ RunTime:0.0000s ]
SQL: SELECT `name` FROM `yl_access_rule`  [ RunTime:0.0000s ]
SQL: SHOW COLUMNS FROM `yl_order` [ RunTime:0.0156s ]
SQL: SHOW COLUMNS FROM `yl_account` [ RunTime:0.0156s ]
SQL: SELECT td.setting_date,
                    IFNULL( (SELECT count(1) FROM yl_order
                      WHERE FROM_UNIXTIME(date_added,'%Y-%m-%d')= td.setting_date), 0) all_rows,
                    IFNULL( (SELECT sum(total) FROM yl_order
                      WHERE FROM_UNIXTIME(date_added,'%Y-%m-%d')= td.setting_date), 0) all_total,
                    IFNULL( (SELECT count(1) FROM yl_order
                      WHERE FROM_UNIXTIME(date_added,'%Y-%m-%d')= td.setting_date AND payment_status_id=1), 0) pay_rows,
                    IFNULL( (SELECT sum(total) FROM yl_order
                      WHERE FROM_UNIXTIME(date_added,'%Y-%m-%d')= td.setting_date AND payment_status_id=1), 0) pay_total,
                    IFNULL( (SELECT count(1) FROM yl_order
                     WHERE FROM_UNIXTIME(date_added,'%Y-%m-%d')= td.setting_date AND order_status_id in(7,9)), 0) back_rows
                  FROM yl_tmp_date td
                  WHERE  td.setting_date>='2016-09-19'
                  AND td.setting_date<='2016-09-21'
                  ORDER BY td.setting_date ASC LIMIT 0, 10 [ RunTime:0.0000s ]
SQL: SELECT td.setting_date,
                    ( SELECT count(1) FROM yl_account
                      WHERE FROM_UNIXTIME(reg_time,'%Y-%m-%d')= td.setting_date) all_rows,
                    ( SELECT sum(1) FROM yl_account
                      WHERE FROM_UNIXTIME(reg_time,'%Y-%m-%d')= td.setting_date AND status=1) active_rows

                  FROM yl_tmp_date td
                  WHERE  td.setting_date>='2016-09-19'
                  AND td.setting_date<='2016-09-21'
                  ORDER BY td.setting_date ASC LIMIT 0, 10 [ RunTime:0.0156s ]
INFO: [ view_parse ] --START--
INFO: [ template_filter ] --START--
INFO: Run Behavior\ContentReplaceBehavior [ RunTime:0.000000s ]
INFO: [ template_filter ] --END-- [ RunTime:0.000000s ]
SQL: SHOW COLUMNS FROM `yl_access_rule` [ RunTime:0.0000s ]
SQL: SELECT `id`,`condition`,`name` FROM `yl_access_rule` WHERE `id` IN ('1','2','7','6','5','3','14','13','12','11','10','9','8','4','17','16','15','18','21','33','32','31','30','29','28','22','35','34','93','26','47','46','45','23','38','37','36','24','41','40','39','25','44','43','42','27','50','49','48','128','19','51','55','54','53','52','58','57','56','121','123','122','94','95','102','103','96','107','106','101','105','125','127','126','99','104','20','59','62','61','60','76','79','78','77','81','84','83','82','108','109','120','119','118','110','117','116','115','111','112','113','114','63','80','64','67','66','65','68','71','70','69','72','75','74','73','85','88','87','86','89','92','91','90','124') AND `type` IN ('1','2') AND `status` = 1  [ RunTime:0.0156s ]
SQL: SHOW COLUMNS FROM `yl_access_rule` [ RunTime:0.0000s ]
SQL: SELECT * FROM `yl_access_rule` WHERE `status` = 1 AND `is_show` = 1 AND `name` IN ('权限管理','admin/menu/index','admin/group/index','admin/user/index','admin/menu/add','admin/menu/update','admin/menu/delete','admin/group/add','admin/group/update','admin/group/delete','admin/group/authaccess','admin/group/authuser','admin/group/authuser_add','admin/group/authuser_delete','admin/user/add','admin/user/update','admin/user/delete','商品管理','客户管理','促销管理','admin/goods/index','admin/trash/index','admin/brand/index','admin/goods_type/index','admin/attribute/index','admin/category/index','admin/position/index','admin/goods/add','admin/goods/update','admin/goods/delete','admin/goods/product_list','admin/goods/add_product','admin/goods/ajax_get_attr','admin/trash/restore','admin/trash/delete','admin/brand/add','admin/brand/update','admin/brand/delete','admin/goods_type/add','admin/goods_type/update','admin/goods_type/delete','admin/attribute/add','admin/attribute/update','admin/attribute/delete','admin/category/add','admin/category/update','admin/category/delete','admin/position/add','admin/position/update','admin/position/delete','admin/suppliers/index','admin/account_rank/index','admin/suppliers/add','admin/suppliers/update','admin/suppliers/delete','admin/account_rank/add','admin/account_rank/update','admin/account_rank/delete','admin/promotions/index','admin/promotions/add','admin/promotions/update','admin/promotions/delete','系统设置','admin/area/index','admin/area/add','admin/area/update','admin/area/delete','admin/shipping/index','admin/shipping/add','admin/shipping/update','admin/shipping/delete','admin/friend_link/index','admin/friend_link/add','admin/friend_link/update','admin/friend_link/delete','admin/coupon/index','admin/coupon/add','admin/coupon/update','admin/coupon/delete','admin/config/index','admin/ad/index','admin/ad/add','admin/ad/update','admin/ad/delete','admin/email_tpl/index','admin/email_tpl/add','admin/email_tpl/update','admin/email_tpl/delete','admin/payment/index','admin/payment/add','admin/payment/update','admin/payment/delete','admin/review/index','订单管理','admin/order/index','admin/order_unconfirm/index','admin/order_return/index','admin/order_stockup/index','admin/order/view','admin/order/cancel','admin/order_return/return_order','admin/order_stockup/edit','admin/order_unconfirm/edit','admin/order_unconfirm/confirm','资讯管理','admin/article_category/index','admin/article/index','报表管理','admin/report_site/index','admin/report_order/index','admin/report_account/index','admin/article/add','admin/article/update','admin/article/delete','admin/article_category/add','admin/article_category/update','admin/article_category/delete','admin/account/index','admin/account/update','admin/account/ajax_set_value','admin/personal/index','admin/order_send/index','admin/order_send/confirm','admin/order_send/edit','admin/search/index') ORDER BY `sort` DESC,`id` DESC  [ RunTime:0.0156s ]
INFO: [ view_parse ] --START--
INFO: [ template_filter ] --START--
INFO: Run Behavior\ContentReplaceBehavior [ RunTime:0.000000s ]
INFO: [ template_filter ] --END-- [ RunTime:-0.031200s ]
INFO: Run Behavior\ParseTemplateBehavior [ RunTime:0.015600s ]
INFO: [ view_parse ] --END-- [ RunTime:0.015600s ]
INFO: [ view_filter ] --START--
INFO: Run Behavior\WriteHtmlCacheBehavior [ RunTime:0.000000s ]
INFO: [ view_filter ] --END-- [ RunTime:0.000000s ]
INFO: Run Behavior\ParseTemplateBehavior [ RunTime:0.015600s ]
INFO: [ view_parse ] --END-- [ RunTime:0.015600s ]
INFO: [ view_filter ] --START--
INFO: Run Behavior\WriteHtmlCacheBehavior [ RunTime:0.000000s ]
INFO: [ view_filter ] --END-- [ RunTime:0.000000s ]
INFO: [ app_end ] --START--
INFO: Run Behavior\ShowPageTraceBehavior [ RunTime:0.000000s ]
INFO: [ app_end ] --END-- [ RunTime:0.000000s ]

[ 2016-09-21T07:24:51+08:00 ] 127.0.0.1 /Admin/index/ajax_get_count_visit
INFO: [ app_init ] --START--
INFO: Run Behavior\BuildLiteBehavior [ RunTime:0.000000s ]
INFO: [ app_init ] --END-- [ RunTime:0.000000s ]
INFO: [ app_begin ] --START--
INFO: Run Behavior\ReadHtmlCacheBehavior [ RunTime:0.000000s ]
INFO: [ app_begin ] --END-- [ RunTime:0.000000s ]
SQL: SHOW COLUMNS FROM `yl_config` [ RunTime:0.0080s ]
SQL: SELECT * FROM `yl_config`  [ RunTime:0.0010s ]
SQL: SHOW COLUMNS FROM `yl_group_user` [ RunTime:0.0110s ]
SQL: SELECT `uid`,`group_id`,`title`,`rules` FROM yl_group_user a INNER JOIN yl_group g on a.group_id=g.id  WHERE ( a.uid='1' and g.status='1' )  [ RunTime:0.0020s ]
SQL: SHOW COLUMNS FROM `yl_access_rule` [ RunTime:0.0130s ]
SQL: SELECT `id`,`condition`,`name` FROM `yl_access_rule` WHERE `id` IN ('1','2','7','6','5','3','14','13','12','11','10','9','8','4','17','16','15','18','21','33','32','31','30','29','28','22','35','34','93','26','47','46','45','23','38','37','36','24','41','40','39','25','44','43','42','27','50','49','48','128','19','51','55','54','53','52','58','57','56','121','123','122','94','95','102','103','96','107','106','101','105','125','127','126','99','104','20','59','62','61','60','76','79','78','77','81','84','83','82','108','109','120','119','118','110','117','116','115','111','112','113','114','63','80','64','67','66','65','68','71','70','69','72','75','74','73','85','88','87','86','89','92','91','90','124') AND `type` = 1 AND `status` = 1  [ RunTime:0.0020s ]
SQL: SHOW COLUMNS FROM `yl_access_rule` [ RunTime:0.0120s ]
SQL: SELECT `name` FROM `yl_access_rule`  [ RunTime:0.0010s ]
SQL: SHOW COLUMNS FROM `yl_day_count_visit` [ RunTime:0.0150s ]
SQL: SELECT * FROM `yl_day_count_visit` WHERE `type` = 'WEB' AND ( `date` >= '2016-09-14' AND `date` <= '2016-09-21'  ) ORDER BY `date` ASC LIMIT 0,10   [ RunTime:0.0010s ]

[ 2016-09-21T07:24:54+08:00 ] 127.0.0.1 /admin/menu/index
INFO: [ app_init ] --START--
INFO: Run Behavior\BuildLiteBehavior [ RunTime:0.000000s ]
INFO: [ app_init ] --END-- [ RunTime:0.001000s ]
INFO: [ app_begin ] --START--
INFO: Run Behavior\ReadHtmlCacheBehavior [ RunTime:0.001000s ]
INFO: [ app_begin ] --END-- [ RunTime:0.001000s ]
SQL: SHOW COLUMNS FROM `yl_config` [ RunTime:0.0070s ]
SQL: SELECT * FROM `yl_config`  [ RunTime:0.0010s ]
SQL: SHOW COLUMNS FROM `yl_group_user` [ RunTime:0.0080s ]
SQL: SELECT `uid`,`group_id`,`title`,`rules` FROM yl_group_user a INNER JOIN yl_group g on a.group_id=g.id  WHERE ( a.uid='1' and g.status='1' )  [ RunTime:0.0010s ]
SQL: SHOW COLUMNS FROM `yl_access_rule` [ RunTime:0.0070s ]
SQL: SELECT `id`,`condition`,`name` FROM `yl_access_rule` WHERE `id` IN ('1','2','7','6','5','3','14','13','12','11','10','9','8','4','17','16','15','18','21','33','32','31','30','29','28','22','35','34','93','26','47','46','45','23','38','37','36','24','41','40','39','25','44','43','42','27','50','49','48','128','19','51','55','54','53','52','58','57','56','121','123','122','94','95','102','103','96','107','106','101','105','125','127','126','99','104','20','59','62','61','60','76','79','78','77','81','84','83','82','108','109','120','119','118','110','117','116','115','111','112','113','114','63','80','64','67','66','65','68','71','70','69','72','75','74','73','85','88','87','86','89','92','91','90','124') AND `type` = 1 AND `status` = 1  [ RunTime:0.0010s ]
SQL: SHOW COLUMNS FROM `yl_access_rule` [ RunTime:0.0080s ]
SQL: SELECT `id`,`title`,`pid` FROM `yl_access_rule` WHERE `status` = 1 ORDER BY `sort` DESC,`id` DESC  [ RunTime:0.0010s ]
SQL: SELECT COUNT(*) AS tp_count FROM yl_access_rule a LEFT JOIN yl_access_rule b ON a.pid=b.id  WHERE a.pid = 0 LIMIT 1   [ RunTime:0.0020s ]
SQL: SELECT a.*,IF(ISNULL(b.title),'顶级菜单',b.title) p_title FROM yl_access_rule a LEFT JOIN yl_access_rule b ON a.pid=b.id  WHERE a.pid = 0 ORDER BY a.sort DESC,a.id DESC LIMIT 0,10   [ RunTime:0.0020s ]
INFO: [ view_parse ] --START--
INFO: [ template_filter ] --START--
INFO: Run Behavior\ContentReplaceBehavior [ RunTime:0.001000s ]
INFO: [ template_filter ] --END-- [ RunTime:0.001000s ]
SQL: SHOW COLUMNS FROM `yl_access_rule` [ RunTime:0.0080s ]
SQL: SELECT `id`,`condition`,`name` FROM `yl_access_rule` WHERE `id` IN ('1','2','7','6','5','3','14','13','12','11','10','9','8','4','17','16','15','18','21','33','32','31','30','29','28','22','35','34','93','26','47','46','45','23','38','37','36','24','41','40','39','25','44','43','42','27','50','49','48','128','19','51','55','54','53','52','58','57','56','121','123','122','94','95','102','103','96','107','106','101','105','125','127','126','99','104','20','59','62','61','60','76','79','78','77','81','84','83','82','108','109','120','119','118','110','117','116','115','111','112','113','114','63','80','64','67','66','65','68','71','70','69','72','75','74','73','85','88','87','86','89','92','91','90','124') AND `type` IN ('1','2') AND `status` = 1  [ RunTime:0.0020s ]
SQL: SELECT * FROM `yl_access_rule` WHERE `status` = 1 AND `is_show` = 1 AND `name` IN ('权限管理','admin/menu/index','admin/group/index','admin/user/index','admin/menu/add','admin/menu/update','admin/menu/delete','admin/group/add','admin/group/update','admin/group/delete','admin/group/authaccess','admin/group/authuser','admin/group/authuser_add','admin/group/authuser_delete','admin/user/add','admin/user/update','admin/user/delete','商品管理','客户管理','促销管理','admin/goods/index','admin/trash/index','admin/brand/index','admin/goods_type/index','admin/attribute/index','admin/category/index','admin/position/index','admin/goods/add','admin/goods/update','admin/goods/delete','admin/goods/product_list','admin/goods/add_product','admin/goods/ajax_get_attr','admin/trash/restore','admin/trash/delete','admin/brand/add','admin/brand/update','admin/brand/delete','admin/goods_type/add','admin/goods_type/update','admin/goods_type/delete','admin/attribute/add','admin/attribute/update','admin/attribute/delete','admin/category/add','admin/category/update','admin/category/delete','admin/position/add','admin/position/update','admin/position/delete','admin/suppliers/index','admin/account_rank/index','admin/suppliers/add','admin/suppliers/update','admin/suppliers/delete','admin/account_rank/add','admin/account_rank/update','admin/account_rank/delete','admin/promotions/index','admin/promotions/add','admin/promotions/update','admin/promotions/delete','系统设置','admin/area/index','admin/area/add','admin/area/update','admin/area/delete','admin/shipping/index','admin/shipping/add','admin/shipping/update','admin/shipping/delete','admin/friend_link/index','admin/friend_link/add','admin/friend_link/update','admin/friend_link/delete','admin/coupon/index','admin/coupon/add','admin/coupon/update','admin/coupon/delete','admin/config/index','admin/ad/index','admin/ad/add','admin/ad/update','admin/ad/delete','admin/email_tpl/index','admin/email_tpl/add','admin/email_tpl/update','admin/email_tpl/delete','admin/payment/index','admin/payment/add','admin/payment/update','admin/payment/delete','admin/review/index','订单管理','admin/order/index','admin/order_unconfirm/index','admin/order_return/index','admin/order_stockup/index','admin/order/view','admin/order/cancel','admin/order_return/return_order','admin/order_stockup/edit','admin/order_unconfirm/edit','admin/order_unconfirm/confirm','资讯管理','admin/article_category/index','admin/article/index','报表管理','admin/report_site/index','admin/report_order/index','admin/report_account/index','admin/article/add','admin/article/update','admin/article/delete','admin/article_category/add','admin/article_category/update','admin/article_category/delete','admin/account/index','admin/account/update','admin/account/ajax_set_value','admin/personal/index','admin/order_send/index','admin/order_send/confirm','admin/order_send/edit','admin/search/index') ORDER BY `sort` DESC,`id` DESC  [ RunTime:0.0020s ]
INFO: [ view_parse ] --START--
INFO: [ template_filter ] --START--
INFO: Run Behavior\ContentReplaceBehavior [ RunTime:0.000000s ]
INFO: [ template_filter ] --END-- [ RunTime:-0.034002s ]
INFO: Run Behavior\ParseTemplateBehavior [ RunTime:0.011000s ]
INFO: [ view_parse ] --END-- [ RunTime:0.012001s ]
INFO: [ view_filter ] --START--
INFO: Run Behavior\WriteHtmlCacheBehavior [ RunTime:0.001000s ]
INFO: [ view_filter ] --END-- [ RunTime:0.001000s ]
INFO: Run Behavior\ParseTemplateBehavior [ RunTime:0.014000s ]
INFO: [ view_parse ] --END-- [ RunTime:0.012001s ]
INFO: [ view_filter ] --START--
INFO: Run Behavior\WriteHtmlCacheBehavior [ RunTime:0.000000s ]
INFO: [ view_filter ] --END-- [ RunTime:-0.002000s ]
INFO: [ app_end ] --START--
INFO: Run Behavior\ShowPageTraceBehavior [ RunTime:0.002000s ]
INFO: [ app_end ] --END-- [ RunTime:0.002000s ]

[ 2016-09-21T07:25:00+08:00 ] 127.0.0.1 /admin/goods/index
INFO: [ app_init ] --START--
INFO: Run Behavior\BuildLiteBehavior [ RunTime:0.000000s ]
INFO: [ app_init ] --END-- [ RunTime:0.001000s ]
INFO: [ app_begin ] --START--
INFO: Run Behavior\ReadHtmlCacheBehavior [ RunTime:0.001000s ]
INFO: [ app_begin ] --END-- [ RunTime:0.001000s ]
SQL: SHOW COLUMNS FROM `yl_config` [ RunTime:0.0070s ]
SQL: SELECT * FROM `yl_config`  [ RunTime:0.0010s ]
SQL: SHOW COLUMNS FROM `yl_group_user` [ RunTime:0.0070s ]
SQL: SELECT `uid`,`group_id`,`title`,`rules` FROM yl_group_user a INNER JOIN yl_group g on a.group_id=g.id  WHERE ( a.uid='1' and g.status='1' )  [ RunTime:0.0010s ]
SQL: SHOW COLUMNS FROM `yl_access_rule` [ RunTime:0.0080s ]
SQL: SELECT `id`,`condition`,`name` FROM `yl_access_rule` WHERE `id` IN ('1','2','7','6','5','3','14','13','12','11','10','9','8','4','17','16','15','18','21','33','32','31','30','29','28','22','35','34','93','26','47','46','45','23','38','37','36','24','41','40','39','25','44','43','42','27','50','49','48','128','19','51','55','54','53','52','58','57','56','121','123','122','94','95','102','103','96','107','106','101','105','125','127','126','99','104','20','59','62','61','60','76','79','78','77','81','84','83','82','108','109','120','119','118','110','117','116','115','111','112','113','114','63','80','64','67','66','65','68','71','70','69','72','75','74','73','85','88','87','86','89','92','91','90','124') AND `type` = 1 AND `status` = 1  [ RunTime:0.0020s ]
SQL: SHOW COLUMNS FROM `yl_goods` [ RunTime:0.0090s ]
SQL: SHOW COLUMNS FROM `yl_category` [ RunTime:0.0070s ]
SQL: SHOW COLUMNS FROM `yl_brand` [ RunTime:0.0080s ]
SQL: SHOW COLUMNS FROM `yl_position` [ RunTime:0.0130s ]
SQL: SELECT `id`,`name`,`pid` FROM `yl_category` WHERE `status` = 1 ORDER BY `sort` DESC,`id` DESC  [ RunTime:0.0010s ]
SQL: SELECT `id`,`name` FROM `yl_brand` WHERE `status` = 1 ORDER BY `sort` DESC,`id` DESC  [ RunTime:0.0000s ]
SQL: SELECT `id`,`name` FROM `yl_position` WHERE `status` = 1 ORDER BY `sort` DESC,`id` DESC  [ RunTime:0.0000s ]
SQL: SELECT count(*) total  FROM (SELECT g.id FROM yl_goods g LEFT JOIN yl_goods_category gc ON g.id=gc.goods_id AND gc.is_primary=1 LEFT JOIN yl_category c ON gc.category_id=c.id LEFT JOIN yl_position_goods pg ON g.id=pg.goods_id LEFT JOIN yl_position p ON pg.position_id = p.id LEFT JOIN yl_brand b ON g.brand_id=b.id  WHERE g.is_delete = 0 GROUP BY g.id ) A  [ RunTime:0.0010s ]
SQL: SELECT g.*,GROUP_CONCAT(p.name) position_name,c.name category_name,b.name brand_name FROM yl_goods g LEFT JOIN yl_goods_category gc ON g.id=gc.goods_id AND gc.is_primary=1 LEFT JOIN yl_category c ON gc.category_id=c.id LEFT JOIN yl_position_goods pg ON g.id=pg.goods_id LEFT JOIN yl_position p ON pg.position_id = p.id LEFT JOIN yl_brand b ON g.brand_id=b.id  WHERE g.is_delete = 0 GROUP BY g.id ORDER BY `sort` DESC,`id` DESC LIMIT 0,10   [ RunTime:0.0150s ]
SQL: SELECT ga.goods_id
                FROM yl_goods_attr ga
                LEFT JOIN yl_attribute a
                ON ga.attr_id=a.id
                WHERE ga.goods_id in(2,5,4,3) AND a.type=2
                GROUP BY ga.goods_id [ RunTime:0.0020s ]
INFO: [ view_parse ] --START--
INFO: [ template_filter ] --START--
INFO: Run Behavior\ContentReplaceBehavior [ RunTime:0.001000s ]
INFO: [ template_filter ] --END-- [ RunTime:0.001000s ]
SQL: SHOW COLUMNS FROM `yl_access_rule` [ RunTime:0.0070s ]
SQL: SELECT `id`,`condition`,`name` FROM `yl_access_rule` WHERE `id` IN ('1','2','7','6','5','3','14','13','12','11','10','9','8','4','17','16','15','18','21','33','32','31','30','29','28','22','35','34','93','26','47','46','45','23','38','37','36','24','41','40','39','25','44','43','42','27','50','49','48','128','19','51','55','54','53','52','58','57','56','121','123','122','94','95','102','103','96','107','106','101','105','125','127','126','99','104','20','59','62','61','60','76','79','78','77','81','84','83','82','108','109','120','119','118','110','117','116','115','111','112','113','114','63','80','64','67','66','65','68','71','70','69','72','75','74','73','85','88','87','86','89','92','91','90','124') AND `type` IN ('1','2') AND `status` = 1  [ RunTime:0.0020s ]
SQL: SHOW COLUMNS FROM `yl_access_rule` [ RunTime:0.0080s ]
SQL: SELECT * FROM `yl_access_rule` WHERE `status` = 1 AND `is_show` = 1 AND `name` IN ('权限管理','admin/menu/index','admin/group/index','admin/user/index','admin/menu/add','admin/menu/update','admin/menu/delete','admin/group/add','admin/group/update','admin/group/delete','admin/group/authaccess','admin/group/authuser','admin/group/authuser_add','admin/group/authuser_delete','admin/user/add','admin/user/update','admin/user/delete','商品管理','客户管理','促销管理','admin/goods/index','admin/trash/index','admin/brand/index','admin/goods_type/index','admin/attribute/index','admin/category/index','admin/position/index','admin/goods/add','admin/goods/update','admin/goods/delete','admin/goods/product_list','admin/goods/add_product','admin/goods/ajax_get_attr','admin/trash/restore','admin/trash/delete','admin/brand/add','admin/brand/update','admin/brand/delete','admin/goods_type/add','admin/goods_type/update','admin/goods_type/delete','admin/attribute/add','admin/attribute/update','admin/attribute/delete','admin/category/add','admin/category/update','admin/category/delete','admin/position/add','admin/position/update','admin/position/delete','admin/suppliers/index','admin/account_rank/index','admin/suppliers/add','admin/suppliers/update','admin/suppliers/delete','admin/account_rank/add','admin/account_rank/update','admin/account_rank/delete','admin/promotions/index','admin/promotions/add','admin/promotions/update','admin/promotions/delete','系统设置','admin/area/index','admin/area/add','admin/area/update','admin/area/delete','admin/shipping/index','admin/shipping/add','admin/shipping/update','admin/shipping/delete','admin/friend_link/index','admin/friend_link/add','admin/friend_link/update','admin/friend_link/delete','admin/coupon/index','admin/coupon/add','admin/coupon/update','admin/coupon/delete','admin/config/index','admin/ad/index','admin/ad/add','admin/ad/update','admin/ad/delete','admin/email_tpl/index','admin/email_tpl/add','admin/email_tpl/update','admin/email_tpl/delete','admin/payment/index','admin/payment/add','admin/payment/update','admin/payment/delete','admin/review/index','订单管理','admin/order/index','admin/order_unconfirm/index','admin/order_return/index','admin/order_stockup/index','admin/order/view','admin/order/cancel','admin/order_return/return_order','admin/order_stockup/edit','admin/order_unconfirm/edit','admin/order_unconfirm/confirm','资讯管理','admin/article_category/index','admin/article/index','报表管理','admin/report_site/index','admin/report_order/index','admin/report_account/index','admin/article/add','admin/article/update','admin/article/delete','admin/article_category/add','admin/article_category/update','admin/article_category/delete','admin/account/index','admin/account/update','admin/account/ajax_set_value','admin/personal/index','admin/order_send/index','admin/order_send/confirm','admin/order_send/edit','admin/search/index') ORDER BY `sort` DESC,`id` DESC  [ RunTime:0.0030s ]
INFO: [ view_parse ] --START--
INFO: [ template_filter ] --START--
INFO: Run Behavior\ContentReplaceBehavior [ RunTime:0.000000s ]
INFO: [ template_filter ] --END-- [ RunTime:-0.042002s ]
INFO: Run Behavior\ParseTemplateBehavior [ RunTime:0.010001s ]
INFO: [ view_parse ] --END-- [ RunTime:0.010001s ]
INFO: [ view_filter ] --START--
INFO: Run Behavior\WriteHtmlCacheBehavior [ RunTime:0.001000s ]
INFO: [ view_filter ] --END-- [ RunTime:0.001000s ]
INFO: Run Behavior\ParseTemplateBehavior [ RunTime:0.012001s ]
INFO: [ view_parse ] --END-- [ RunTime:0.010001s ]
INFO: [ view_filter ] --START--
INFO: Run Behavior\WriteHtmlCacheBehavior [ RunTime:0.000000s ]
INFO: [ view_filter ] --END-- [ RunTime:-0.001000s ]
INFO: [ app_end ] --START--
INFO: Run Behavior\ShowPageTraceBehavior [ RunTime:0.002000s ]
INFO: [ app_end ] --END-- [ RunTime:0.002000s ]

[ 2016-09-21T07:25:03+08:00 ] 127.0.0.1 /Admin/goods/update/id/2
INFO: [ app_init ] --START--
INFO: Run Behavior\BuildLiteBehavior [ RunTime:0.000000s ]
INFO: [ app_init ] --END-- [ RunTime:0.001000s ]
INFO: [ app_begin ] --START--
INFO: Run Behavior\ReadHtmlCacheBehavior [ RunTime:0.001000s ]
INFO: [ app_begin ] --END-- [ RunTime:0.001000s ]
SQL: SHOW COLUMNS FROM `yl_config` [ RunTime:0.0970s ]
SQL: SELECT * FROM `yl_config`  [ RunTime:0.0010s ]
SQL: SHOW COLUMNS FROM `yl_group_user` [ RunTime:0.0070s ]
SQL: SELECT `uid`,`group_id`,`title`,`rules` FROM yl_group_user a INNER JOIN yl_group g on a.group_id=g.id  WHERE ( a.uid='1' and g.status='1' )  [ RunTime:0.0010s ]
SQL: SHOW COLUMNS FROM `yl_access_rule` [ RunTime:0.0090s ]
SQL: SELECT `id`,`condition`,`name` FROM `yl_access_rule` WHERE `id` IN ('1','2','7','6','5','3','14','13','12','11','10','9','8','4','17','16','15','18','21','33','32','31','30','29','28','22','35','34','93','26','47','46','45','23','38','37','36','24','41','40','39','25','44','43','42','27','50','49','48','128','19','51','55','54','53','52','58','57','56','121','123','122','94','95','102','103','96','107','106','101','105','125','127','126','99','104','20','59','62','61','60','76','79','78','77','81','84','83','82','108','109','120','119','118','110','117','116','115','111','112','113','114','63','80','64','67','66','65','68','71','70','69','72','75','74','73','85','88','87','86','89','92','91','90','124') AND `type` = 1 AND `status` = 1  [ RunTime:0.0010s ]
SQL: SHOW COLUMNS FROM `yl_goods` [ RunTime:0.0080s ]
SQL: SELECT * FROM `yl_goods` WHERE `id` = 2 LIMIT 1   [ RunTime:0.0010s ]
SQL: SHOW COLUMNS FROM `yl_goods_category` [ RunTime:0.0070s ]
SQL: SELECT gc.category_id,gc.is_primary,c.path FROM yl_goods_category gc INNER JOIN yl_category c ON gc.category_id=c.id  WHERE `goods_id` = '2'  [ RunTime:0.0010s ]
SQL: SELECT 'aa',
                GROUP_CONCAT(name ORDER BY path ASC separator '>' ) path_name
	            FROM yl_category
	            WHERE id IN(0,2,6)
	            GROUP BY 'aa'
	            LIMIT 0,1 [ RunTime:0.0010s ]
SQL: SHOW COLUMNS FROM `yl_position_goods` [ RunTime:0.0070s ]
SQL: SELECT `position_id` FROM `yl_position_goods` WHERE `goods_id` = 2  [ RunTime:0.0000s ]
SQL: SHOW COLUMNS FROM `yl_goods_gallery` [ RunTime:0.0080s ]
SQL: SELECT `url`,`title`,`sort` FROM `yl_goods_gallery` WHERE `goods_id` = 2 ORDER BY `sort` desc,`id` desc  [ RunTime:0.0010s ]
SQL: SHOW COLUMNS FROM `yl_attribute` [ RunTime:0.0080s ]
SQL: SELECT * FROM `yl_attribute` WHERE `type_id` = 1 ORDER BY `sort` DESC  [ RunTime:0.0010s ]
SQL: SHOW COLUMNS FROM `yl_goods_attr` [ RunTime:0.0080s ]
SQL: SELECT ga.* FROM yl_goods_attr ga INNER JOIN yl_goods g ON ga.goods_id=g.id  WHERE ga.goods_id = '2' AND g.goods_type_id = '1'  [ RunTime:0.0010s ]
INFO: [ view_parse ] --START--
INFO: [ template_filter ] --START--
INFO: Run Behavior\ContentReplaceBehavior [ RunTime:0.000000s ]
INFO: [ template_filter ] --END-- [ RunTime:0.000000s ]
INFO: Run Behavior\ParseTemplateBehavior [ RunTime:0.031002s ]
INFO: [ view_parse ] --END-- [ RunTime:0.031002s ]
INFO: [ view_filter ] --START--
INFO: Run Behavior\WriteHtmlCacheBehavior [ RunTime:0.000000s ]
INFO: [ view_filter ] --END-- [ RunTime:0.001000s ]
SQL: SHOW COLUMNS FROM `yl_category` [ RunTime:0.0080s ]
SQL: SHOW COLUMNS FROM `yl_brand` [ RunTime:0.0070s ]
SQL: SHOW COLUMNS FROM `yl_suppliers` [ RunTime:0.0130s ]
SQL: SHOW COLUMNS FROM `yl_goods_type` [ RunTime:0.0130s ]
SQL: SHOW COLUMNS FROM `yl_position` [ RunTime:0.0070s ]
SQL: SELECT `id`,`name`,`pid` FROM `yl_category` WHERE `status` = 1 ORDER BY `sort` DESC,`id` DESC  [ RunTime:0.0010s ]
SQL: SELECT `id`,`name` FROM `yl_brand` WHERE `status` = 1 ORDER BY `sort` DESC,`id` DESC  [ RunTime:0.0010s ]
SQL: SELECT `id`,`name` FROM `yl_suppliers` WHERE `status` = 1 ORDER BY `sort` DESC,`id` DESC  [ RunTime:0.0010s ]
SQL: SELECT `id`,`name` FROM `yl_goods_type` WHERE `status` = 1 ORDER BY `id` DESC  [ RunTime:0.0010s ]
SQL: SELECT `id`,`name` FROM `yl_position` WHERE `status` = 1 ORDER BY `sort` DESC,`id` DESC  [ RunTime:0.0010s ]
INFO: [ view_parse ] --START--
INFO: [ template_filter ] --START--
INFO: Run Behavior\ContentReplaceBehavior [ RunTime:0.000000s ]
INFO: [ template_filter ] --END-- [ RunTime:-0.097005s ]
SQL: SHOW COLUMNS FROM `yl_access_rule` [ RunTime:0.0080s ]
SQL: SELECT `id`,`condition`,`name` FROM `yl_access_rule` WHERE `id` IN ('1','2','7','6','5','3','14','13','12','11','10','9','8','4','17','16','15','18','21','33','32','31','30','29','28','22','35','34','93','26','47','46','45','23','38','37','36','24','41','40','39','25','44','43','42','27','50','49','48','128','19','51','55','54','53','52','58','57','56','121','123','122','94','95','102','103','96','107','106','101','105','125','127','126','99','104','20','59','62','61','60','76','79','78','77','81','84','83','82','108','109','120','119','118','110','117','116','115','111','112','113','114','63','80','64','67','66','65','68','71','70','69','72','75','74','73','85','88','87','86','89','92','91','90','124') AND `type` IN ('1','2') AND `status` = 1  [ RunTime:0.0020s ]
SQL: SHOW COLUMNS FROM `yl_access_rule` [ RunTime:0.0080s ]
SQL: SELECT * FROM `yl_access_rule` WHERE `status` = 1 AND `is_show` = 1 AND `name` IN ('权限管理','admin/menu/index','admin/group/index','admin/user/index','admin/menu/add','admin/menu/update','admin/menu/delete','admin/group/add','admin/group/update','admin/group/delete','admin/group/authaccess','admin/group/authuser','admin/group/authuser_add','admin/group/authuser_delete','admin/user/add','admin/user/update','admin/user/delete','商品管理','客户管理','促销管理','admin/goods/index','admin/trash/index','admin/brand/index','admin/goods_type/index','admin/attribute/index','admin/category/index','admin/position/index','admin/goods/add','admin/goods/update','admin/goods/delete','admin/goods/product_list','admin/goods/add_product','admin/goods/ajax_get_attr','admin/trash/restore','admin/trash/delete','admin/brand/add','admin/brand/update','admin/brand/delete','admin/goods_type/add','admin/goods_type/update','admin/goods_type/delete','admin/attribute/add','admin/attribute/update','admin/attribute/delete','admin/category/add','admin/category/update','admin/category/delete','admin/position/add','admin/position/update','admin/position/delete','admin/suppliers/index','admin/account_rank/index','admin/suppliers/add','admin/suppliers/update','admin/suppliers/delete','admin/account_rank/add','admin/account_rank/update','admin/account_rank/delete','admin/promotions/index','admin/promotions/add','admin/promotions/update','admin/promotions/delete','系统设置','admin/area/index','admin/area/add','admin/area/update','admin/area/delete','admin/shipping/index','admin/shipping/add','admin/shipping/update','admin/shipping/delete','admin/friend_link/index','admin/friend_link/add','admin/friend_link/update','admin/friend_link/delete','admin/coupon/index','admin/coupon/add','admin/coupon/update','admin/coupon/delete','admin/config/index','admin/ad/index','admin/ad/add','admin/ad/update','admin/ad/delete','admin/email_tpl/index','admin/email_tpl/add','admin/email_tpl/update','admin/email_tpl/delete','admin/payment/index','admin/payment/add','admin/payment/update','admin/payment/delete','admin/review/index','订单管理','admin/order/index','admin/order_unconfirm/index','admin/order_return/index','admin/order_stockup/index','admin/order/view','admin/order/cancel','admin/order_return/return_order','admin/order_stockup/edit','admin/order_unconfirm/edit','admin/order_unconfirm/confirm','资讯管理','admin/article_category/index','admin/article/index','报表管理','admin/report_site/index','admin/report_order/index','admin/report_account/index','admin/article/add','admin/article/update','admin/article/delete','admin/article_category/add','admin/article_category/update','admin/article_category/delete','admin/account/index','admin/account/update','admin/account/ajax_set_value','admin/personal/index','admin/order_send/index','admin/order_send/confirm','admin/order_send/edit','admin/search/index') ORDER BY `sort` DESC,`id` DESC  [ RunTime:0.0020s ]
INFO: [ view_parse ] --START--
INFO: [ template_filter ] --START--
INFO: Run Behavior\ContentReplaceBehavior [ RunTime:0.000000s ]
INFO: [ template_filter ] --END-- [ RunTime:-0.145008s ]
INFO: Run Behavior\ParseTemplateBehavior [ RunTime:0.011000s ]
INFO: [ view_parse ] --END-- [ RunTime:-0.132008s ]
INFO: [ view_filter ] --START--
INFO: Run Behavior\WriteHtmlCacheBehavior [ RunTime:0.000000s ]
INFO: [ view_filter ] --END-- [ RunTime:-0.142008s ]
INFO: Run Behavior\ParseTemplateBehavior [ RunTime:0.011000s ]
INFO: [ view_parse ] --END-- [ RunTime:-0.132008s ]
INFO: [ view_filter ] --START--
INFO: Run Behavior\WriteHtmlCacheBehavior [ RunTime:0.000000s ]
INFO: [ view_filter ] --END-- [ RunTime:-0.142008s ]
INFO: [ app_end ] --START--
INFO: Run Behavior\ShowPageTraceBehavior [ RunTime:0.001000s ]
INFO: [ app_end ] --END-- [ RunTime:0.002000s ]

[ 2016-09-21T07:25:03+08:00 ] 127.0.0.1 /Admin/public/ueeditor?action=config&&noCache=1474413903718
INFO: [ app_init ] --START--
INFO: Run Behavior\BuildLiteBehavior [ RunTime:0.000000s ]
INFO: [ app_init ] --END-- [ RunTime:0.001000s ]
INFO: [ app_begin ] --START--
INFO: Run Behavior\ReadHtmlCacheBehavior [ RunTime:0.002001s ]
INFO: [ app_begin ] --END-- [ RunTime:0.002001s ]

[ 2016-09-21T07:25:03+08:00 ] 127.0.0.1 /Admin/public/ueeditor?action=config&&noCache=1474413903720
INFO: [ app_init ] --START--
INFO: Run Behavior\BuildLiteBehavior [ RunTime:0.000000s ]
INFO: [ app_init ] --END-- [ RunTime:0.001000s ]
INFO: [ app_begin ] --START--
INFO: Run Behavior\ReadHtmlCacheBehavior [ RunTime:0.002000s ]
INFO: [ app_begin ] --END-- [ RunTime:0.002000s ]

[ 2016-09-21T07:25:03+08:00 ] 127.0.0.1 /Admin/public/ueeditor?action=config&&noCache=1474413903721
INFO: [ app_init ] --START--
INFO: Run Behavior\BuildLiteBehavior [ RunTime:0.000000s ]
INFO: [ app_init ] --END-- [ RunTime:0.001000s ]
INFO: [ app_begin ] --START--
INFO: Run Behavior\ReadHtmlCacheBehavior [ RunTime:0.001000s ]
INFO: [ app_begin ] --END-- [ RunTime:0.001000s ]

